  0.0000E+00  0.0000E+00  0.0000E+00  0.0000E+00  0.0000E+00  0.0000E+00
  0.0000E+00  0.0000E+00  0.0000E+00  0.0000E+00  0.0000E+00  0.0000E+00
  0.0000E+00  0.0000E+00  0.0000E+00  0.0000E+00  0.0000E+00  0.0000E+00
  0.0000E+00  0.0000E+00  0.0000E+00  0.0000E+00  0.0000E+00  0.0000E+00
  0.0000E+00  0.0000E+00  0.0000E+00  0.0000E+00  0.0000E+00  0.0000E+00
  0.0000E+00  0.0000E+00  0.0000E+00  0.0000E+00  0.0000E+00  0.0000E+00
  0.0000E+00  0.0000E+00  0.0000E+00  0.0000E+00  0.0000E+00  0.0000E+00
  0.0000E+00  0.0000E+00  0.0000E+00  0.0000E+00  0.0000E+00  0.0000E+00
  0.0000E+00  0.0000E+00  0.0000E+00  0.0000E+00  0.0000E+00  0.0000E+00
  0.0000E+00  0.0000E+00  0.0000E+00  0.0000E+00  0.0000E+00  0.0000E+00
  0.0000E+00  0.0000E+00  0.0000E+00  0.0000E+00  0.0000E+00  0.0000E+00
  0.0000E+00  0.0000E+00  0.0000E+00  0.0000E+00  0.0000E+00  0.0000E+00
  0.0000E+00  0.0000E+00  0.0000E+00  0.0000E+00  0.0000E+00  0.0000E+00
  0.0000E+00  0.0000E+00  0.0000E+00  0.0000E+00  0.0000E+00  0.0000E+00
  0.0000E+00  0.0000E+00  0.0000E+00  0.0000E+00  0.0000E+00  0.0000E+00
  0.0000E+00  0.0000E+00  0.0000E+00  0.0000E+00  0.0000E+00  0.0000E+00
  0.0000E+00  0.0000E+00  0.0000E+00  0.0000E+00  0.0000E+00  0.0000E+00
  0.0000E+00  0.0000E+00  0.0000E+00  0.0000E+00  0.0000E+00  0.0000E+00
  0.0000E+00  1.3974E+12  1.3974E+12  1.3974E+12  1.3974E+12  1.3974E+12
  1.3974E+12  1.3974E+12  1.3974E+12  1.3974E+12  1.3974E+12  2.1842E+12
  6.9128E+12  6.9128E+12  6.9128E+12  6.9128E+12  6.9128E+12  6.9128E+12
  6.9128E+12  6.9128E+12  6.9128E+12  6.9128E+12  9.9403E+12  1.7526E+13
  1.7527E+13  1.7526E+13  1.7526E+13  1.7526E+13  1.7526E+13  1.7527E+13
  1.7527E+13  1.7526E+13  1.7526E+13  2.2564E+13  2.9301E+13  2.9300E+13
  2.9300E+13  2.9300E+13  2.9300E+13  2.9300E+13  2.9301E+13  2.9300E+13
  2.9300E+13  2.9301E+13  3.3487E+13  3.6640E+13  3.6640E+13  3.6639E+13
  3.6640E+13  3.6639E+13  3.6640E+13  3.6640E+13  3.6640E+13  3.6640E+13
  3.6640E+13  4.5159E+13  4.8585E+13  4.8585E+13  4.8585E+13  4.8586E+13
  4.8585E+13  4.8585E+13  4.8586E+13  4.8585E+13  4.8585E+13  4.8586E+13
  5.0928E+13  5.1322E+13  5.1322E+13  5.1322E+13  5.1322E+13  5.1322E+13
  5.1322E+13  5.1322E+13  5.1322E+13  5.1322E+13  5.1322E+13  3.9507E+13
  3.9489E+13  3.9489E+13  3.9489E+13  3.9489E+13  3.9489E+13  3.9489E+13
  3.9489E+13  3.9489E+13  3.9489E+13  3.8476E+13  3.2305E+13  3.2305E+13
  3.2305E+13  3.2305E+13  3.2305E+13  3.2305E+13  3.2305E+13  3.2306E+13
  3.2305E+13  3.2305E+13  2.8372E+13  1.8443E+13  1.8444E+13  1.8444E+13
  1.8444E+13  1.8444E+13  1.8444E+13  1.8444E+13  1.8444E+13  1.8444E+13
  1.8444E+13  1.5016E+13  1.0404E+13  1.0404E+13  1.0404E+13  1.0404E+13
  1.0404E+13  1.0404E+13  1.0404E+13  1.0404E+13  1.0404E+13  1.0404E+13
  7.7111E+12  5.6712E+12  5.6712E+12  5.6711E+12  5.6712E+12  5.6711E+12
  5.6712E+12  5.6711E+12  5.6712E+12  5.6712E+12  5.6712E+12  4.5813E+12
  4.1397E+12  4.1397E+12  4.1397E+12  4.1397E+12  4.1397E+12  4.1397E+12
  4.1397E+12  4.1397E+12  4.1397E+12  4.1397E+12  2.1169E+12  1.7719E+12
  1.7719E+12  1.7720E+12  1.7719E+12  1.7719E+12  1.7719E+12  1.7719E+12
  1.7719E+12  1.7719E+12  1.7719E+12  5.4978E+11  5.4602E+11  5.4602E+11
  5.4602E+11  5.4602E+11  5.4602E+11  5.4602E+11  5.4602E+11  5.4602E+11
  5.4602E+11  5.0429E+11  2.4700E+11  2.4700E+11  2.4700E+11  2.4700E+11
  2.4700E+11  2.4700E+11  2.4700E+11  2.4700E+11  2.4700E+11  2.4700E+11
  1.9819E+11  7.4054E+10  7.4054E+10  7.4054E+10  7.4054E+10  7.4054E+10
  7.4054E+10  7.4054E+10  7.4054E+10  7.4054E+10  7.4054E+10  1.0290E+11
  1.4195E+11  1.4195E+11  1.4195E+11  1.4195E+11  1.4195E+11  1.4195E+11
  1.4195E+11  1.4195E+11  1.4195E+11  1.4195E+11  7.9106E+10  3.1214E+10
  3.1215E+10  3.1214E+10  3.1215E+10  3.1214E+10  3.1214E+10  3.1214E+10
  3.1214E+10  3.1214E+10  3.1214E+10  1.2932E+10  5.4681E+09  5.4681E+09
  5.4681E+09  5.4681E+09  5.4681E+09  5.4681E+09  5.4681E+09  5.4681E+09
  5.4681E+09  5.4681E+09  2.4105E+09  1.8824E+09  1.8824E+09  1.8825E+09
  1.8824E+09  1.8824E+09  1.8825E+09  1.8824E+09  1.8825E+09  1.8824E+09
  1.8825E+09  6.3298E+08  6.2715E+08  6.2715E+08  6.2715E+08  6.2715E+08
  6.2715E+08  6.2715E+08  6.2715E+08  6.2715E+08  6.2715E+08  5.8730E+08
  3.3842E+08  3.3842E+08  3.3841E+08  3.3842E+08  3.3841E+08  3.3842E+08
  3.3842E+08  3.3841E+08  3.3842E+08  3.3841E+08  3.0615E+08  2.2343E+08
  2.2343E+08  2.2343E+08  2.2343E+08  2.2343E+08  2.2343E+08  2.2343E+08
  2.2343E+08  2.2343E+08  2.2343E+08  1.4298E+08  3.3372E+07  3.3372E+07
  3.3372E+07  3.3372E+07  3.3372E+07  3.3372E+07  3.3372E+07  3.3372E+07
  3.3372E+07  3.3372E+07  3.4369E+07  3.5133E+07  3.5133E+07  3.5133E+07
  3.5133E+07  3.5133E+07  3.5133E+07  3.5133E+07  3.5133E+07  3.5133E+07
  3.5133E+07  1.7811E+07  1.0687E+07  1.0687E+07  1.0687E+07  1.0687E+07
  1.0687E+07  1.0687E+07  1.0687E+07  1.0687E+07  1.0687E+07  1.0687E+07
  3.2197E+07  3.5957E+07  3.5957E+07  3.5956E+07  3.5957E+07  3.5956E+07
  3.5957E+07  3.5957E+07  3.5957E+07  3.5957E+07  3.5957E+07  5.2396E+06
  5.0501E+06  5.0501E+06  5.0501E+06  5.0501E+06  5.0501E+06  5.0501E+06
  5.0501E+06  5.0501E+06  5.0501E+06  4.3607E+06  0.0000E+00  0.0000E+00
  0.0000E+00  0.0000E+00  0.0000E+00  0.0000E+00  0.0000E+00  0.0000E+00
  0.0000E+00  0.0000E+00  0.0000E+00  0.0000E+00  0.0000E+00  0.0000E+00
  0.0000E+00  0.0000E+00  0.0000E+00  0.0000E+00  0.0000E+00  0.0000E+00
  0.0000E+00  0.0000E+00  0.0000E+00  0.0000E+00  0.0000E+00  0.0000E+00
  0.0000E+00  0.0000E+00  0.0000E+00  0.0000E+00  0.0000E+00  0.0000E+00
  0.0000E+00  0.0000E+00  0.0000E+00  0.0000E+00  0.0000E+00  0.0000E+00
  0.0000E+00  0.0000E+00  0.0000E+00  0.0000E+00  0.0000E+00  0.0000E+00
  0.0000E+00  0.0000E+00  0.0000E+00  0.0000E+00  0.0000E+00  0.0000E+00
  0.0000E+00  0.0000E+00  0.0000E+00  0.0000E+00  0.0000E+00  0.0000E+00
  0.0000E+00  0.0000E+00  0.0000E+00  0.0000E+00  0.0000E+00  0.0000E+00
  0.0000E+00  0.0000E+00  0.0000E+00  0.0000E+00  0.0000E+00  0.0000E+00
  0.0000E+00  0.0000E+00  0.0000E+00  0.0000E+00  0.0000E+00  0.0000E+00
  0.0000E+00  0.0000E+00  0.0000E+00  0.0000E+00  0.0000E+00  0.0000E+00
  0.0000E+00  0.0000E+00  0.0000E+00  0.0000E+00  0.0000E+00  0.0000E+00
  0.0000E+00  0.0000E+00  0.0000E+00  0.0000E+00  0.0000E+00  0.0000E+00
  0.0000E+00  0.0000E+00  0.0000E+00  0.0000E+00  0.0000E+00  0.0000E+00
  0.0000E+00  0.0000E+00  0.0000E+00  0.0000E+00  0.0000E+00  0.0000E+00
  0.0000E+00  0.0000E+00  0.0000E+00  0.0000E+00  0.0000E+00  0.0000E+00
  0.0000E+00  0.0000E+00  0.0000E+00  0.0000E+00  0.0000E+00  0.0000E+00
  0.0000E+00  0.0000E+00  0.0000E+00  0.0000E+00  0.0000E+00  0.0000E+00
  0.0000E+00  0.0000E+00  0.0000E+00  0.0000E+00  0.0000E+00  0.0000E+00
  0.0000E+00  0.0000E+00  0.0000E+00  0.0000E+00  0.0000E+00  0.0000E+00
  0.0000E+00  0.0000E+00  0.0000E+00  0.0000E+00  0.0000E+00  0.0000E+00
  0.0000E+00  0.0000E+00  0.0000E+00  0.0000E+00  0.0000E+00  0.0000E+00
  0.0000E+00  0.0000E+00  0.0000E+00  0.0000E+00  0.0000E+00  0.0000E+00
  0.0000E+00  0.0000E+00  0.0000E+00  0.0000E+00  0.0000E+00  0.0000E+00
  0.0000E+00  0.0000E+00  0.0000E+00  0.0000E+00  0.0000E+00  0.0000E+00
  0.0000E+00  0.0000E+00  0.0000E+00  0.0000E+00  0.0000E+00  0.0000E+00
  0.0000E+00  0.0000E+00  0.0000E+00  0.0000E+00  0.0000E+00  0.0000E+00
  0.0000E+00  0.0000E+00  0.0000E+00  0.0000E+00  0.0000E+00  0.0000E+00
  0.0000E+00  0.0000E+00  0.0000E+00  0.0000E+00  0.0000E+00  0.0000E+00
  0.0000E+00  0.0000E+00  0.0000E+00  0.0000E+00  0.0000E+00  0.0000E+00
  0.0000E+00  0.0000E+00  0.0000E+00  0.0000E+00  0.0000E+00  0.0000E+00
  0.0000E+00  0.0000E+00  0.0000E+00  0.0000E+00  0.0000E+00  0.0000E+00
  0.0000E+00  0.0000E+00  0.0000E+00  0.0000E+00  0.0000E+00  0.0000E+00
  0.0000E+00  0.0000E+00  0.0000E+00  0.0000E+00  0.0000E+00  0.0000E+00
  0.0000E+00  0.0000E+00  0.0000E+00  0.0000E+00  0.0000E+00  0.0000E+00
  0.0000E+00  0.0000E+00  0.0000E+00  0.0000E+00  0.0000E+00  0.0000E+00
  0.0000E+00  0.0000E+00  0.0000E+00  0.0000E+00  0.0000E+00  0.0000E+00
  0.0000E+00  0.0000E+00  0.0000E+00  0.0000E+00  0.0000E+00  0.0000E+00
  0.0000E+00  0.0000E+00  0.0000E+00  0.0000E+00  0.0000E+00  0.0000E+00
  0.0000E+00  0.0000E+00  0.0000E+00  0.0000E+00  0.0000E+00  0.0000E+00
  0.0000E+00  0.0000E+00  0.0000E+00  0.0000E+00  0.0000E+00  0.0000E+00
  0.0000E+00  0.0000E+00  0.0000E+00  0.0000E+00  0.0000E+00  0.0000E+00
  0.0000E+00  0.0000E+00  0.0000E+00  0.0000E+00  0.0000E+00  0.0000E+00
  0.0000E+00  0.0000E+00  0.0000E+00  0.0000E+00  0.0000E+00  0.0000E+00
  0.0000E+00  0.0000E+00  0.0000E+00  0.0000E+00  0.0000E+00  0.0000E+00
  0.0000E+00
 1.000
EBR-2 (62.5 MW) 3.31104E+15                                                                         
