  0.0000E+00  0.0000E+00  0.0000E+00  0.0000E+00  0.0000E+00  0.0000E+00
  0.0000E+00  0.0000E+00  0.0000E+00  0.0000E+00  0.0000E+00  0.0000E+00
  0.0000E+00  0.0000E+00  0.0000E+00  0.0000E+00  0.0000E+00  0.0000E+00
  0.0000E+00  0.0000E+00  0.0000E+00  0.0000E+00  0.0000E+00  0.0000E+00
  0.0000E+00  0.0000E+00  0.0000E+00  0.0000E+00  0.0000E+00  0.0000E+00
  0.0000E+00  0.0000E+00  0.0000E+00  0.0000E+00  0.0000E+00  0.0000E+00
  0.0000E+00  0.0000E+00  0.0000E+00  0.0000E+00  0.0000E+00  0.0000E+00
  0.0000E+00  0.0000E+00  0.0000E+00  0.0000E+00  0.0000E+00  0.0000E+00
  0.0000E+00  0.0000E+00  0.0000E+00  0.0000E+00  0.0000E+00  0.0000E+00
  0.0000E+00  0.0000E+00  0.0000E+00  0.0000E+00  0.0000E+00  5.0505E-08
  5.1018E-08  5.1541E-08  5.2075E-08  5.2621E-08  5.3177E-08  5.3746E-08
  5.4327E-08  5.4921E-08  5.5528E-08  5.6148E-08  5.6783E-08  5.7432E-08
  1.0310E-07  1.2763E-07  1.5123E-07  1.7316E-07  2.1252E-07  2.6383E-07
  2.6711E-07  2.7047E-07  3.4562E-07  4.5180E-07  4.5770E-07  4.6377E-07
  5.8745E-07  6.7763E-07  8.3370E-07  8.9461E-07  1.1351E-06  1.2193E-06
  1.4671E-06  1.7678E-06  2.0813E-06  2.1130E-06  2.3040E-06  2.9779E-06
  3.4470E-06  3.8463E-06  4.9462E-06  5.0293E-06  5.3095E-06  7.3823E-06
  7.5130E-06  8.7055E-06  1.1902E-05  1.2124E-05  1.4552E-05  1.6543E-05
  1.6870E-05  5.5510E-05  7.2379E-05  9.0770E-05  1.1338E-04  1.4458E-04
  1.7953E-04  2.1597E-04  2.6374E-04  3.1817E-04  4.0231E-04  4.5093E-04
  4.9303E-04  5.6344E-04  6.4612E-04  7.1167E-04  8.0342E-04  8.5318E-04
  9.3283E-04  9.7306E-04  9.9789E-04  1.0274E-03  1.0557E-03  1.1264E-03
  1.1491E-03  1.3327E-03  1.5742E-03  1.5863E-03  1.6865E-03  1.8246E-03
  1.8634E-03  1.9062E-03  2.0545E-03  1.8358E-03  1.7415E-03  1.6872E-03
  1.6325E-03  1.5904E-03  1.8539E-03  1.7916E-03  1.7211E-03  1.7887E-03
  1.8605E-03  1.8470E-03  1.6465E-03  1.6915E-03  1.8811E-03  1.8318E-03
  1.6604E-03  1.4041E-03  1.4041E-03  1.3660E-03  1.5771E-03  1.7465E-03
  1.9869E-03  2.2010E-03  2.1828E-03  2.0471E-03  1.9410E-03  1.8820E-03
  1.8315E-03  1.7802E-03  1.7286E-03  1.6757E-03  1.6213E-03  1.5679E-03
  1.3251E-03  1.2848E-03  1.0721E-03  9.7399E-04  1.0682E-03  1.1590E-03
  1.2186E-03  1.3308E-03  1.3348E-03  1.3543E-03  1.3543E-03  1.2606E-03
  1.2269E-03  1.1683E-03  1.1564E-03  1.1124E-03  1.0716E-03  1.0449E-03
  1.0185E-03  9.9012E-04  9.6128E-04  9.3404E-04  9.1061E-04  8.8833E-04
  8.6746E-04  8.4842E-04  8.2894E-04  8.0942E-04  7.9015E-04  7.7196E-04
  7.5489E-04  7.3877E-04  7.2171E-04  7.0553E-04  7.0554E-04  6.8432E-04
  6.6828E-04  6.6828E-04  6.5079E-04  6.2826E-04  6.2498E-04  6.2498E-04
  5.9669E-04  5.8964E-04  5.8605E-04  5.8605E-04  5.8605E-04  5.6788E-04
  5.5704E-04  5.3977E-04  5.3972E-04  5.3056E-04  5.0735E-04  5.0735E-04
  5.1185E-04  5.1526E-04  5.1526E-04  5.1526E-04  4.9988E-04  4.9394E-04
  4.8593E-04  4.8592E-04  4.7804E-04  4.7278E-04  4.7081E-04  4.6237E-04
  4.6045E-04  4.6363E-04  4.4627E-04  4.4622E-04  4.4674E-04  4.4809E-04
  4.4809E-04  4.4808E-04  4.4809E-04  4.4808E-04  4.3533E-04  4.3315E-04
  4.3314E-04  4.3315E-04  4.3315E-04  4.3041E-04  4.2673E-04  4.2442E-04
  4.1773E-04  4.1772E-04  4.1772E-04  4.1484E-04  4.1483E-04  4.1170E-04
  4.0377E-04  4.0377E-04  4.1050E-04  4.1561E-04  4.1560E-04  4.0327E-04
  4.0117E-04  4.0163E-04  4.0458E-04  4.0458E-04  4.0359E-04  4.0226E-04
  4.0225E-04  3.7605E-04  3.6538E-04  3.6539E-04  4.2160E-04  4.2179E-04
  4.1401E-04  3.9418E-04  3.9417E-04  3.7671E-04  3.6340E-04  3.6340E-04
  4.0351E-04  4.1040E-04  4.0712E-04  3.8686E-04  3.8686E-04  3.8574E-04
  3.8422E-04  3.8422E-04  3.8030E-04  3.7871E-04  3.7871E-04  3.7946E-04
  3.7945E-04  3.7905E-04  3.7803E-04  3.7804E-04  3.7573E-04  3.7396E-04
  3.7398E-04  3.7261E-04  3.7238E-04  3.7025E-04  3.5700E-04  3.5699E-04
  3.6477E-04  3.7527E-04  3.7528E-04  3.5519E-04  3.4697E-04  3.4696E-04
  3.7434E-04  3.7442E-04  3.6749E-04  3.4995E-04  3.4994E-04  3.5768E-04
  3.6352E-04  3.6352E-04  3.5339E-04  3.5165E-04  3.5216E-04  3.5535E-04
  3.5535E-04  3.5477E-04  3.5399E-04  3.5399E-04  3.3956E-04  3.3360E-04
  3.3360E-04  3.4029E-04  3.4030E-04  3.3863E-04  3.3433E-04  3.3433E-04
  3.2864E-04  3.2436E-04  3.2926E-04  3.3415E-04  3.3415E-04  3.2941E-04
  3.2890E-04  3.2890E-04  3.3361E-04  3.3657E-04  3.3656E-04  3.2407E-04
  3.1906E-04  3.1905E-04  3.1627E-04  3.0855E-04  3.0857E-04  3.0856E-04
  3.0856E-04  3.0666E-04  3.0522E-04  3.0521E-04  3.0522E-04  2.9788E-04
  2.9705E-04  2.9705E-04  2.9705E-04  2.9705E-04  2.9705E-04  2.9705E-04
  2.9705E-04  2.9705E-04  2.9660E-04  2.7050E-04  2.7050E-04  2.7050E-04
  2.7050E-04  2.7050E-04  2.7050E-04  2.7050E-04  2.7050E-04  2.7050E-04
  2.7050E-04  2.7050E-04  2.6802E-04  2.5055E-04  2.5054E-04  2.5054E-04
  2.5054E-04  2.5055E-04  2.5055E-04  2.5054E-04  2.5055E-04  2.5055E-04
  2.5055E-04  2.5055E-04  2.5034E-04  2.4956E-04  2.4956E-04  2.4956E-04
  2.4955E-04  2.4957E-04  2.4956E-04  2.4956E-04  2.4956E-04  2.4955E-04
  2.4956E-04  2.7041E-04  2.7232E-04  2.6607E-04  2.5243E-04  2.2229E-04
  1.7987E-04  2.2313E-04  1.7036E-04  1.9661E-05  6.6115E-05  1.6582E-04
  1.6626E-04  1.7712E-04  1.6795E-04  1.9294E-04  2.2658E-04  2.3008E-04
  2.1891E-04  1.9931E-04  2.4266E-04  2.4333E-04  2.5133E-04  2.5141E-04
  2.4476E-04  2.4876E-04  2.4799E-04  2.4423E-04  2.0956E-04  7.8410E-05
  1.5641E-04  2.2058E-04  2.3304E-04  2.4001E-04  2.4299E-04  2.4388E-04
  2.4409E-04  2.4415E-04  2.3620E-04  2.3504E-04  2.3899E-04  2.3356E-04
  2.1913E-04  1.8180E-04  1.4122E-04  1.4288E-04  1.3214E-04  9.6778E-05
  3.8939E-05  1.1601E-05  1.4344E-05  4.7616E-05  9.1617E-05  1.2231E-04
  1.4285E-04  1.5593E-04  1.6706E-04  1.7473E-04  1.8223E-04  1.8614E-04
  1.8706E-04  1.8675E-04  1.8548E-04  1.8644E-04  1.9078E-04  1.9302E-04
  1.9303E-04  1.9109E-04  1.8666E-04  1.8048E-04  1.7328E-04  1.6012E-04
  1.4575E-04  1.3592E-04  1.2137E-04  1.1023E-04  1.0264E-04  1.0326E-04
  1.0336E-04  1.2195E-04  1.2259E-04  1.5525E-04  1.5902E-04  1.8773E-04
  2.0617E-04  2.0799E-04  2.4152E-04  2.6055E-04  2.7686E-04  2.9119E-04
  3.0354E-04  3.1696E-04  3.2858E-04  3.3490E-04  3.4283E-04  3.4797E-04
  3.5021E-04  3.5244E-04  3.5204E-04  3.4537E-04  3.4538E-04  3.4224E-04
  3.4224E-04  3.3037E-04  3.2558E-04  3.2174E-04  3.0074E-04  3.0073E-04
  2.9222E-04  2.6732E-04  2.6731E-04  2.6732E-04  2.3165E-04  2.2801E-04
  2.2801E-04  2.2800E-04  1.9392E-04  1.9206E-04  1.7449E-04  1.6547E-04
  1.6266E-04  1.3815E-04  1.3816E-04  1.3260E-04  1.1080E-04  1.1080E-04
  1.1079E-04  8.8565E-05  8.4819E-05  8.4818E-05  8.4816E-05  6.2367E-05
  5.9788E-05  5.9787E-05  5.9788E-05  5.8645E-05  3.7602E-05  3.7603E-05
  3.7602E-05  3.7603E-05  3.7602E-05  3.7594E-05  2.3044E-05  1.9504E-05
  1.9501E-05  1.9502E-05  1.9501E-05  1.9501E-05  1.9502E-05  1.9501E-05
  1.9502E-05  6.7236E-06  6.7236E-06  6.7235E-06  6.7235E-06  6.7236E-06
  6.7235E-06  6.7235E-06  6.7236E-06  6.7236E-06  6.7236E-06  6.7236E-06
  6.7236E-06  6.7235E-06  6.7235E-06  6.7229E-06  1.1300E-06  8.2556E-07
  8.2555E-07  8.2555E-07  8.2555E-07  8.2555E-07  8.2554E-07  8.2555E-07
  8.2556E-07  8.2554E-07  8.2555E-07  8.2555E-07  8.2555E-07  8.2556E-07
  8.2555E-07  8.2554E-07  8.2555E-07  8.2555E-07  8.2555E-07  8.2556E-07
  8.2555E-07  8.2555E-07  8.2555E-07  8.2555E-07  8.2556E-07  8.2555E-07
  8.2554E-07  8.2555E-07  8.2555E-07  8.2556E-07  8.2555E-07  8.2554E-07
  8.2556E-07  8.2554E-07  8.2377E-07  8.4962E-13  0.0000E+00  0.0000E+00
  0.0000E+00  0.0000E+00  0.0000E+00  0.0000E+00  0.0000E+00  0.0000E+00
  0.0000E+00  0.0000E+00  0.0000E+00  0.0000E+00  0.0000E+00  0.0000E+00
  0.0000E+00  0.0000E+00  0.0000E+00  0.0000E+00  0.0000E+00  0.0000E+00
  0.0000E+00  0.0000E+00  0.0000E+00  0.0000E+00  0.0000E+00  0.0000E+00
  0.0000E+00  0.0000E+00  0.0000E+00  0.0000E+00  0.0000E+00  0.0000E+00
  0.0000E+00  0.0000E+00  0.0000E+00  0.0000E+00  0.0000E+00  0.0000E+00
  0.0000E+00  0.0000E+00  0.0000E+00  0.0000E+00  0.0000E+00  0.0000E+00
  0.0000E+00  0.0000E+00  0.0000E+00  0.0000E+00  0.0000E+00  0.0000E+00
  0.0000E+00  0.0000E+00  0.0000E+00  0.0000E+00  0.0000E+00  0.0000E+00
  0.0000E+00  0.0000E+00  0.0000E+00  0.0000E+00  0.0000E+00  0.0000E+00
  0.0000E+00  0.0000E+00  0.0000E+00  0.0000E+00  0.0000E+00  0.0000E+00
  0.0000E+00  0.0000E+00  0.0000E+00  0.0000E+00  0.0000E+00  0.0000E+00
  0.0000E+00  0.0000E+00  0.0000E+00  0.0000E+00  0.0000E+00  0.0000E+00
  0.0000E+00  0.0000E+00  0.0000E+00  0.0000E+00  0.0000E+00  0.0000E+00
  0.0000E+00  0.0000E+00  0.0000E+00  0.0000E+00  0.0000E+00  0.0000E+00
  0.0000E+00  0.0000E+00  0.0000E+00  0.0000E+00  0.0000E+00  0.0000E+00
  0.0000E+00
 1.000
bwr_mox_gd_40                                                                                       
