  0.0000E+00  0.0000E+00  0.0000E+00  0.0000E+00  0.0000E+00  0.0000E+00
  0.0000E+00  0.0000E+00  0.0000E+00  0.0000E+00  0.0000E+00  0.0000E+00
  0.0000E+00  0.0000E+00  0.0000E+00  0.0000E+00  0.0000E+00  0.0000E+00
  0.0000E+00  0.0000E+00  0.0000E+00  0.0000E+00  0.0000E+00  0.0000E+00
  0.0000E+00  0.0000E+00  0.0000E+00  0.0000E+00  0.0000E+00  0.0000E+00
  0.0000E+00  0.0000E+00  0.0000E+00  0.0000E+00  0.0000E+00  0.0000E+00
  0.0000E+00  0.0000E+00  0.0000E+00  0.0000E+00  0.0000E+00  0.0000E+00
  0.0000E+00  0.0000E+00  0.0000E+00  0.0000E+00  0.0000E+00  0.0000E+00
  0.0000E+00  0.0000E+00  0.0000E+00  0.0000E+00  0.0000E+00  0.0000E+00
  0.0000E+00  0.0000E+00  0.0000E+00  0.0000E+00  0.0000E+00  2.5769E-08
  2.6030E-08  2.6297E-08  2.6570E-08  2.6848E-08  2.7132E-08  2.7422E-08
  2.7719E-08  2.8022E-08  2.8331E-08  2.8648E-08  2.8971E-08  2.9303E-08
  5.2671E-08  6.5220E-08  7.7261E-08  8.8444E-08  1.0827E-07  1.3410E-07
  1.3577E-07  1.3748E-07  1.7506E-07  2.2817E-07  2.3115E-07  2.3421E-07
  2.9577E-07  3.4066E-07  4.1889E-07  4.4943E-07  5.6954E-07  6.1120E-07
  7.3324E-07  8.8120E-07  1.0354E-06  1.0512E-06  1.1453E-06  1.4773E-06
  1.7085E-06  1.9050E-06  2.4424E-06  2.4834E-06  2.6212E-06  3.6389E-06
  3.7033E-06  4.2991E-06  5.8976E-06  6.0078E-06  7.1787E-06  8.1395E-06
  8.3007E-06  2.7293E-05  3.5579E-05  4.4461E-05  5.5357E-05  7.0610E-05
  8.7677E-05  1.0528E-04  1.2857E-04  1.5538E-04  1.9669E-04  2.1997E-04
  2.3954E-04  2.7344E-04  3.1412E-04  3.4520E-04  3.8930E-04  4.1213E-04
  4.4965E-04  4.6880E-04  4.7911E-04  4.9137E-04  5.0424E-04  5.3648E-04
  5.4747E-04  6.3653E-04  7.5470E-04  7.5732E-04  8.0448E-04  8.7028E-04
  8.8737E-04  9.0703E-04  9.7758E-04  8.6510E-04  8.1729E-04  7.8960E-04
  7.6219E-04  7.4067E-04  8.6525E-04  8.3195E-04  7.9747E-04  8.2849E-04
  8.6070E-04  8.5280E-04  7.5788E-04  7.7844E-04  8.6586E-04  8.4065E-04
  7.6028E-04  6.4166E-04  6.4168E-04  6.3631E-04  7.3484E-04  8.1138E-04
  9.1933E-04  1.0143E-03  1.0045E-03  9.4187E-04  8.9269E-04  8.6485E-04
  8.4136E-04  8.1775E-04  7.9440E-04  7.7043E-04  7.4599E-04  7.2017E-04
  6.1123E-04  5.9312E-04  4.9700E-04  4.5264E-04  4.9678E-04  5.3868E-04
  5.6414E-04  6.1339E-04  6.1480E-04  6.2167E-04  6.2166E-04  5.7985E-04
  5.6357E-04  5.3723E-04  5.3194E-04  5.1264E-04  4.9448E-04  4.8232E-04
  4.7043E-04  4.5807E-04  4.4578E-04  4.3380E-04  4.2347E-04  4.1333E-04
  4.0397E-04  3.9566E-04  3.8675E-04  3.7800E-04  3.6953E-04  3.6144E-04
  3.5379E-04  3.4664E-04  3.3904E-04  3.3177E-04  3.3177E-04  3.2252E-04
  3.1553E-04  3.1554E-04  3.0708E-04  2.9830E-04  2.9539E-04  2.9539E-04
  2.8391E-04  2.8044E-04  2.7816E-04  2.7816E-04  2.7816E-04  2.7012E-04
  2.6532E-04  2.5787E-04  2.5785E-04  2.5416E-04  2.4483E-04  2.4484E-04
  2.4518E-04  2.4544E-04  2.4545E-04  2.4545E-04  2.3901E-04  2.3647E-04
  2.3283E-04  2.3283E-04  2.2958E-04  2.2759E-04  2.2648E-04  2.2319E-04
  2.2203E-04  2.2297E-04  2.1639E-04  2.1637E-04  2.1586E-04  2.1456E-04
  2.1456E-04  2.1456E-04  2.1455E-04  2.1456E-04  2.0944E-04  2.0856E-04
  2.0856E-04  2.0856E-04  2.0855E-04  2.0740E-04  2.0586E-04  2.0494E-04
  2.0226E-04  2.0226E-04  2.0226E-04  2.0068E-04  2.0067E-04  1.9960E-04
  1.9687E-04  1.9688E-04  1.9892E-04  2.0047E-04  2.0047E-04  1.9587E-04
  1.9509E-04  1.9518E-04  1.9577E-04  1.9576E-04  1.9532E-04  1.9472E-04
  1.9472E-04  1.8566E-04  1.8197E-04  1.8197E-04  2.0137E-04  2.0144E-04
  1.9864E-04  1.9152E-04  1.9153E-04  1.8519E-04  1.8037E-04  1.8037E-04
  1.9461E-04  1.9706E-04  1.9586E-04  1.8845E-04  1.8846E-04  1.8810E-04
  1.8762E-04  1.8762E-04  1.8608E-04  1.8545E-04  1.8545E-04  1.8564E-04
  1.8563E-04  1.8553E-04  1.8525E-04  1.8526E-04  1.8421E-04  1.8341E-04
  1.8341E-04  1.8301E-04  1.8295E-04  1.8208E-04  1.7667E-04  1.7667E-04
  1.7997E-04  1.8444E-04  1.8443E-04  1.7609E-04  1.7267E-04  1.7268E-04
  1.8386E-04  1.8390E-04  1.8107E-04  1.7390E-04  1.7390E-04  1.7719E-04
  1.7968E-04  1.7969E-04  1.7551E-04  1.7479E-04  1.7500E-04  1.7629E-04
  1.7629E-04  1.7624E-04  1.7616E-04  1.7617E-04  1.7015E-04  1.6767E-04
  1.6767E-04  1.7046E-04  1.7047E-04  1.6977E-04  1.6800E-04  1.6800E-04
  1.6565E-04  1.6389E-04  1.6611E-04  1.6830E-04  1.6831E-04  1.6644E-04
  1.6625E-04  1.6625E-04  1.6725E-04  1.6787E-04  1.6786E-04  1.6260E-04
  1.6048E-04  1.6048E-04  1.5944E-04  1.5656E-04  1.5655E-04  1.5656E-04
  1.5656E-04  1.5560E-04  1.5487E-04  1.5487E-04  1.5487E-04  1.5222E-04
  1.5192E-04  1.5192E-04  1.5191E-04  1.5192E-04  1.5192E-04  1.5191E-04
  1.5191E-04  1.5191E-04  1.5170E-04  1.3907E-04  1.3908E-04  1.3908E-04
  1.3908E-04  1.3907E-04  1.3907E-04  1.3907E-04  1.3907E-04  1.3907E-04
  1.3908E-04  1.3908E-04  1.3788E-04  1.2947E-04  1.2947E-04  1.2947E-04
  1.2947E-04  1.2947E-04  1.2947E-04  1.2947E-04  1.2946E-04  1.2947E-04
  1.2947E-04  1.2946E-04  1.2936E-04  1.2894E-04  1.2894E-04  1.2894E-04
  1.2894E-04  1.2894E-04  1.2894E-04  1.2894E-04  1.2894E-04  1.2895E-04
  1.2895E-04  1.3788E-04  1.3828E-04  1.3582E-04  1.3041E-04  1.1707E-04
  1.0001E-04  1.1799E-04  9.1591E-05  1.1941E-05  3.7948E-05  8.9137E-05
  8.8983E-05  9.4577E-05  9.1280E-05  1.0338E-04  1.1673E-04  1.1789E-04
  1.1342E-04  1.0519E-04  1.2322E-04  1.2483E-04  1.2815E-04  1.2840E-04
  1.2617E-04  1.2694E-04  1.2676E-04  1.2653E-04  1.1862E-04  6.6920E-05
  1.0220E-04  1.1963E-04  1.2293E-04  1.2496E-04  1.2570E-04  1.2580E-04
  1.2546E-04  1.2560E-04  1.2353E-04  1.2307E-04  1.2390E-04  1.2202E-04
  1.1723E-04  1.0511E-04  8.8802E-05  8.5557E-05  7.8282E-05  5.9206E-05
  2.3107E-05  5.6677E-06  7.2805E-06  2.9310E-05  5.6021E-05  7.1555E-05
  8.1989E-05  8.8795E-05  9.3441E-05  9.6526E-05  9.9613E-05  1.0117E-04
  1.0138E-04  1.0084E-04  1.0043E-04  1.0088E-04  1.0236E-04  1.0269E-04
  1.0229E-04  1.0108E-04  9.8627E-05  9.5278E-05  9.1392E-05  8.4199E-05
  7.6124E-05  6.9773E-05  5.8351E-05  5.1835E-05  4.7385E-05  4.5545E-05
  4.5236E-05  5.3072E-05  5.3345E-05  6.6616E-05  6.8145E-05  7.9027E-05
  8.6018E-05  8.6660E-05  9.8492E-05  1.0509E-04  1.1040E-04  1.1492E-04
  1.1871E-04  1.2273E-04  1.2602E-04  1.2772E-04  1.2975E-04  1.3071E-04
  1.3112E-04  1.3079E-04  1.3061E-04  1.2833E-04  1.2834E-04  1.2387E-04
  1.2387E-04  1.1916E-04  1.1726E-04  1.1583E-04  1.0798E-04  1.0798E-04
  1.0487E-04  9.5807E-05  9.5808E-05  9.5807E-05  8.2166E-05  8.0777E-05
  8.0776E-05  8.0775E-05  6.8835E-05  6.8185E-05  6.2040E-05  5.8883E-05
  5.7898E-05  4.9317E-05  4.9317E-05  4.7368E-05  3.9733E-05  3.9733E-05
  3.9730E-05  3.1733E-05  3.0387E-05  3.0386E-05  3.0385E-05  2.2457E-05
  2.1546E-05  2.1546E-05  2.1546E-05  2.1138E-05  1.3614E-05  1.3615E-05
  1.3615E-05  1.3614E-05  1.3615E-05  1.3611E-05  8.3458E-06  7.0642E-06
  7.0633E-06  7.0635E-06  7.0634E-06  7.0632E-06  7.0634E-06  7.0633E-06
  7.0634E-06  2.4184E-06  2.4184E-06  2.4183E-06  2.4184E-06  2.4184E-06
  2.4183E-06  2.4183E-06  2.4183E-06  2.4184E-06  2.4184E-06  2.4184E-06
  2.4184E-06  2.4184E-06  2.4183E-06  2.4181E-06  3.9436E-07  2.8421E-07
  2.8421E-07  2.8421E-07  2.8420E-07  2.8421E-07  2.8420E-07  2.8420E-07
  2.8420E-07  2.8420E-07  2.8421E-07  2.8420E-07  2.8420E-07  2.8421E-07
  2.8421E-07  2.8420E-07  2.8421E-07  2.8421E-07  2.8420E-07  2.8421E-07
  2.8421E-07  2.8421E-07  2.8421E-07  2.8421E-07  2.8421E-07  2.8421E-07
  2.8421E-07  2.8421E-07  2.8421E-07  2.8421E-07  2.8421E-07  2.8420E-07
  2.8421E-07  2.8420E-07  2.8359E-07  2.9249E-13  0.0000E+00  0.0000E+00
  0.0000E+00  0.0000E+00  0.0000E+00  0.0000E+00  0.0000E+00  0.0000E+00
  0.0000E+00  0.0000E+00  0.0000E+00  0.0000E+00  0.0000E+00  0.0000E+00
  0.0000E+00  0.0000E+00  0.0000E+00  0.0000E+00  0.0000E+00  0.0000E+00
  0.0000E+00  0.0000E+00  0.0000E+00  0.0000E+00  0.0000E+00  0.0000E+00
  0.0000E+00  0.0000E+00  0.0000E+00  0.0000E+00  0.0000E+00  0.0000E+00
  0.0000E+00  0.0000E+00  0.0000E+00  0.0000E+00  0.0000E+00  0.0000E+00
  0.0000E+00  0.0000E+00  0.0000E+00  0.0000E+00  0.0000E+00  0.0000E+00
  0.0000E+00  0.0000E+00  0.0000E+00  0.0000E+00  0.0000E+00  0.0000E+00
  0.0000E+00  0.0000E+00  0.0000E+00  0.0000E+00  0.0000E+00  0.0000E+00
  0.0000E+00  0.0000E+00  0.0000E+00  0.0000E+00  0.0000E+00  0.0000E+00
  0.0000E+00  0.0000E+00  0.0000E+00  0.0000E+00  0.0000E+00  0.0000E+00
  0.0000E+00  0.0000E+00  0.0000E+00  0.0000E+00  0.0000E+00  0.0000E+00
  0.0000E+00  0.0000E+00  0.0000E+00  0.0000E+00  0.0000E+00  0.0000E+00
  0.0000E+00  0.0000E+00  0.0000E+00  0.0000E+00  0.0000E+00  0.0000E+00
  0.0000E+00  0.0000E+00  0.0000E+00  0.0000E+00  0.0000E+00  0.0000E+00
  0.0000E+00  0.0000E+00  0.0000E+00  0.0000E+00  0.0000E+00  0.0000E+00
  0.0000E+00
 1.000
pwr_mox_40                                                                                          
