  0.0000E+00  0.0000E+00  0.0000E+00  0.0000E+00  0.0000E+00  0.0000E+00
  0.0000E+00  0.0000E+00  0.0000E+00  0.0000E+00  0.0000E+00  0.0000E+00
  0.0000E+00  0.0000E+00  0.0000E+00  0.0000E+00  0.0000E+00  0.0000E+00
  0.0000E+00  0.0000E+00  0.0000E+00  0.0000E+00  0.0000E+00  0.0000E+00
  0.0000E+00  0.0000E+00  0.0000E+00  0.0000E+00  0.0000E+00  0.0000E+00
  0.0000E+00  0.0000E+00  0.0000E+00  0.0000E+00  0.0000E+00  0.0000E+00
  0.0000E+00  0.0000E+00  0.0000E+00  0.0000E+00  0.0000E+00  0.0000E+00
  0.0000E+00  0.0000E+00  0.0000E+00  0.0000E+00  0.0000E+00  0.0000E+00
  0.0000E+00  0.0000E+00  0.0000E+00  0.0000E+00  0.0000E+00  0.0000E+00
  0.0000E+00  0.0000E+00  0.0000E+00  0.0000E+00  0.0000E+00  1.7591E-08
  1.7769E-08  1.7952E-08  1.8138E-08  1.8328E-08  1.8522E-08  1.8720E-08
  1.8922E-08  1.9129E-08  1.9340E-08  1.9556E-08  1.9777E-08  2.0003E-08
  3.6787E-08  4.5795E-08  5.4591E-08  6.2758E-08  7.7426E-08  9.6551E-08
  9.7750E-08  9.8980E-08  1.2718E-07  1.6704E-07  1.6923E-07  1.7147E-07
  2.0981E-07  2.3788E-07  2.9442E-07  3.1642E-07  4.0374E-07  4.3419E-07
  5.2397E-07  6.3360E-07  7.4783E-07  7.5925E-07  8.2916E-07  1.0766E-06
  1.2503E-06  1.3986E-06  1.8139E-06  1.8444E-06  1.9493E-06  2.7318E-06
  2.7802E-06  3.2393E-06  4.4736E-06  4.5572E-06  5.4850E-06  6.2453E-06
  6.3690E-06  2.0557E-05  2.7017E-05  3.4032E-05  4.2712E-05  5.4906E-05
  6.8642E-05  8.2971E-05  1.0199E-04  1.2387E-04  1.5781E-04  1.7716E-04
  1.9357E-04  2.2185E-04  2.5556E-04  2.8159E-04  3.2303E-04  3.4404E-04
  3.7666E-04  3.9323E-04  4.0291E-04  4.1442E-04  4.2599E-04  4.5497E-04
  4.6447E-04  5.4136E-04  6.4331E-04  6.4668E-04  6.8768E-04  7.4458E-04
  7.6013E-04  7.7791E-04  8.3911E-04  7.4355E-04  7.0360E-04  6.8009E-04
  6.5661E-04  6.3805E-04  7.4497E-04  7.1582E-04  6.8593E-04  7.1233E-04
  7.3950E-04  7.3217E-04  6.5112E-04  6.6913E-04  7.4372E-04  7.2157E-04
  6.5253E-04  5.5096E-04  5.5097E-04  5.3813E-04  6.1997E-04  6.8380E-04
  7.7385E-04  8.5199E-04  8.4269E-04  7.8961E-04  7.4804E-04  7.2449E-04
  7.0455E-04  6.8459E-04  6.6475E-04  6.4472E-04  6.2430E-04  6.0251E-04
  5.1233E-04  4.9734E-04  4.1707E-04  3.8001E-04  4.1705E-04  4.5208E-04
  4.7304E-04  5.1392E-04  5.1501E-04  5.2036E-04  5.2035E-04  4.8489E-04
  4.7095E-04  4.4875E-04  4.4431E-04  4.2819E-04  4.1295E-04  4.0276E-04
  3.9281E-04  3.8245E-04  3.7222E-04  3.6220E-04  3.5345E-04  3.4512E-04
  3.3725E-04  3.3017E-04  3.2289E-04  3.1553E-04  3.0836E-04  3.0163E-04
  2.9529E-04  2.8931E-04  2.8297E-04  2.7683E-04  2.7684E-04  2.6910E-04
  2.6326E-04  2.6326E-04  2.5624E-04  2.4888E-04  2.4646E-04  2.4646E-04
  2.3698E-04  2.3401E-04  2.3198E-04  2.3197E-04  2.3198E-04  2.2532E-04
  2.2135E-04  2.1516E-04  2.1515E-04  2.1211E-04  2.0442E-04  2.0441E-04
  2.0462E-04  2.0477E-04  2.0476E-04  2.0476E-04  1.9944E-04  1.9734E-04
  1.9437E-04  1.9438E-04  1.9162E-04  1.8983E-04  1.8892E-04  1.8621E-04
  1.8531E-04  1.8608E-04  1.8068E-04  1.8066E-04  1.8021E-04  1.7907E-04
  1.7907E-04  1.7907E-04  1.7907E-04  1.7907E-04  1.7463E-04  1.7387E-04
  1.7387E-04  1.7387E-04  1.7387E-04  1.7286E-04  1.7150E-04  1.7075E-04
  1.6862E-04  1.6862E-04  1.6863E-04  1.6737E-04  1.6737E-04  1.6650E-04
  1.6431E-04  1.6431E-04  1.6595E-04  1.6721E-04  1.6720E-04  1.6346E-04
  1.6282E-04  1.6278E-04  1.6253E-04  1.6253E-04  1.6220E-04  1.6175E-04
  1.6175E-04  1.5436E-04  1.5136E-04  1.5135E-04  1.6708E-04  1.6713E-04
  1.6489E-04  1.5915E-04  1.5914E-04  1.5400E-04  1.5008E-04  1.5009E-04
  1.6172E-04  1.6371E-04  1.6272E-04  1.5655E-04  1.5655E-04  1.5629E-04
  1.5593E-04  1.5594E-04  1.5458E-04  1.5403E-04  1.5403E-04  1.5440E-04
  1.5440E-04  1.5430E-04  1.5405E-04  1.5405E-04  1.5326E-04  1.5264E-04
  1.5264E-04  1.5232E-04  1.5227E-04  1.5151E-04  1.4682E-04  1.4682E-04
  1.4980E-04  1.5383E-04  1.5383E-04  1.4664E-04  1.4370E-04  1.4370E-04
  1.5287E-04  1.5290E-04  1.5068E-04  1.4505E-04  1.4505E-04  1.4781E-04
  1.4990E-04  1.4990E-04  1.4660E-04  1.4602E-04  1.4616E-04  1.4698E-04
  1.4698E-04  1.4720E-04  1.4750E-04  1.4750E-04  1.4276E-04  1.4080E-04
  1.4080E-04  1.4287E-04  1.4287E-04  1.4224E-04  1.4065E-04  1.4064E-04
  1.3883E-04  1.3746E-04  1.3930E-04  1.4111E-04  1.4111E-04  1.4015E-04
  1.4005E-04  1.4005E-04  1.4088E-04  1.4140E-04  1.4139E-04  1.3633E-04
  1.3430E-04  1.3429E-04  1.3391E-04  1.3285E-04  1.3285E-04  1.3285E-04
  1.3286E-04  1.3198E-04  1.3133E-04  1.3133E-04  1.3132E-04  1.2991E-04
  1.2975E-04  1.2975E-04  1.2975E-04  1.2975E-04  1.2975E-04  1.2974E-04
  1.2975E-04  1.2975E-04  1.2956E-04  1.1873E-04  1.1872E-04  1.1873E-04
  1.1872E-04  1.1873E-04  1.1873E-04  1.1873E-04  1.1873E-04  1.1873E-04
  1.1872E-04  1.1873E-04  1.1777E-04  1.1101E-04  1.1100E-04  1.1100E-04
  1.1101E-04  1.1101E-04  1.1101E-04  1.1101E-04  1.1100E-04  1.1101E-04
  1.1101E-04  1.1101E-04  1.1182E-04  1.1493E-04  1.1493E-04  1.1494E-04
  1.1493E-04  1.1493E-04  1.1493E-04  1.1494E-04  1.1493E-04  1.1493E-04
  1.1493E-04  1.2090E-04  1.1927E-04  1.1184E-04  1.1333E-04  1.0566E-04
  1.0203E-04  1.0612E-04  8.0163E-05  9.5140E-06  3.1078E-05  7.8550E-05
  7.8802E-05  7.6075E-05  6.1801E-05  8.9928E-05  1.0022E-04  1.0332E-04
  1.0171E-04  1.0006E-04  1.0979E-04  1.0972E-04  1.1130E-04  1.1097E-04
  1.1096E-04  1.1033E-04  1.0976E-04  1.1094E-04  1.1008E-04  9.7035E-05
  1.0642E-04  1.1010E-04  1.1162E-04  1.1251E-04  1.1267E-04  1.1206E-04
  1.1274E-04  1.1333E-04  1.1328E-04  1.1326E-04  1.1333E-04  1.1238E-04
  1.1007E-04  1.0784E-04  1.0296E-04  9.9600E-05  9.5900E-05  8.7382E-05
  5.6427E-05  2.3335E-05  2.7932E-05  6.4093E-05  8.5305E-05  9.3420E-05
  9.8178E-05  1.0126E-04  1.0331E-04  1.0476E-04  1.0657E-04  1.0755E-04
  1.0767E-04  1.0771E-04  1.0865E-04  1.0950E-04  1.1008E-04  1.0977E-04
  1.0989E-04  1.1045E-04  1.1049E-04  1.0994E-04  1.0893E-04  1.0632E-04
  1.0268E-04  9.9553E-05  9.3399E-05  8.9489E-05  8.6820E-05  8.8749E-05
  8.9074E-05  1.0306E-04  1.0355E-04  1.2421E-04  1.2658E-04  1.4254E-04
  1.5280E-04  1.5372E-04  1.7086E-04  1.8076E-04  1.8913E-04  1.9631E-04
  2.0241E-04  2.0900E-04  2.1463E-04  2.1765E-04  2.2141E-04  2.2353E-04
  2.2444E-04  2.2466E-04  2.2445E-04  2.2153E-04  2.2154E-04  2.1501E-04
  2.1500E-04  2.0760E-04  2.0461E-04  2.0225E-04  1.8937E-04  1.8937E-04
  1.8418E-04  1.6900E-04  1.6900E-04  1.6900E-04  1.4597E-04  1.4362E-04
  1.4362E-04  1.4362E-04  1.2302E-04  1.2190E-04  1.1124E-04  1.0576E-04
  1.0404E-04  8.9047E-05  8.9046E-05  8.5616E-05  7.2177E-05  7.2176E-05
  7.2172E-05  5.7942E-05  5.5544E-05  5.5543E-05  5.5542E-05  4.1358E-05
  3.9728E-05  3.9728E-05  3.9728E-05  3.8990E-05  2.5404E-05  2.5404E-05
  2.5404E-05  2.5405E-05  2.5404E-05  2.5399E-05  1.5770E-05  1.3427E-05
  1.3425E-05  1.3425E-05  1.3425E-05  1.3425E-05  1.3425E-05  1.3425E-05
  1.3425E-05  4.7264E-06  4.7265E-06  4.7265E-06  4.7264E-06  4.7265E-06
  4.7264E-06  4.7264E-06  4.7265E-06  4.7264E-06  4.7265E-06  4.7264E-06
  4.7264E-06  4.7264E-06  4.7265E-06  4.7260E-06  8.0489E-07  5.9148E-07
  5.9148E-07  5.9147E-07  5.9148E-07  5.9148E-07  5.9148E-07  5.9148E-07
  5.9148E-07  5.9147E-07  5.9148E-07  5.9147E-07  5.9148E-07  5.9148E-07
  5.9149E-07  5.9147E-07  5.9148E-07  5.9148E-07  5.9148E-07  5.9148E-07
  5.9148E-07  5.9148E-07  5.9148E-07  5.9148E-07  5.9148E-07  5.9147E-07
  5.9147E-07  5.9148E-07  5.9147E-07  5.9149E-07  5.9148E-07  5.9147E-07
  5.9148E-07  5.9147E-07  5.9020E-07  6.0872E-13  0.0000E+00  0.0000E+00
  0.0000E+00  0.0000E+00  0.0000E+00  0.0000E+00  0.0000E+00  0.0000E+00
  0.0000E+00  0.0000E+00  0.0000E+00  0.0000E+00  0.0000E+00  0.0000E+00
  0.0000E+00  0.0000E+00  0.0000E+00  0.0000E+00  0.0000E+00  0.0000E+00
  0.0000E+00  0.0000E+00  0.0000E+00  0.0000E+00  0.0000E+00  0.0000E+00
  0.0000E+00  0.0000E+00  0.0000E+00  0.0000E+00  0.0000E+00  0.0000E+00
  0.0000E+00  0.0000E+00  0.0000E+00  0.0000E+00  0.0000E+00  0.0000E+00
  0.0000E+00  0.0000E+00  0.0000E+00  0.0000E+00  0.0000E+00  0.0000E+00
  0.0000E+00  0.0000E+00  0.0000E+00  0.0000E+00  0.0000E+00  0.0000E+00
  0.0000E+00  0.0000E+00  0.0000E+00  0.0000E+00  0.0000E+00  0.0000E+00
  0.0000E+00  0.0000E+00  0.0000E+00  0.0000E+00  0.0000E+00  0.0000E+00
  0.0000E+00  0.0000E+00  0.0000E+00  0.0000E+00  0.0000E+00  0.0000E+00
  0.0000E+00  0.0000E+00  0.0000E+00  0.0000E+00  0.0000E+00  0.0000E+00
  0.0000E+00  0.0000E+00  0.0000E+00  0.0000E+00  0.0000E+00  0.0000E+00
  0.0000E+00  0.0000E+00  0.0000E+00  0.0000E+00  0.0000E+00  0.0000E+00
  0.0000E+00  0.0000E+00  0.0000E+00  0.0000E+00  0.0000E+00  0.0000E+00
  0.0000E+00  0.0000E+00  0.0000E+00  0.0000E+00  0.0000E+00  0.0000E+00
  0.0000E+00
 1.000
pwr_uo2_40                                                                                          
