  0.0000E+00  0.0000E+00  0.0000E+00  0.0000E+00  0.0000E+00  0.0000E+00
  0.0000E+00  0.0000E+00  0.0000E+00  0.0000E+00  0.0000E+00  0.0000E+00
  0.0000E+00  0.0000E+00  0.0000E+00  0.0000E+00  0.0000E+00  0.0000E+00
  0.0000E+00  0.0000E+00  0.0000E+00  0.0000E+00  0.0000E+00  0.0000E+00
  0.0000E+00  0.0000E+00  0.0000E+00  0.0000E+00  0.0000E+00  0.0000E+00
  0.0000E+00  0.0000E+00  0.0000E+00  0.0000E+00  0.0000E+00  0.0000E+00
  0.0000E+00  0.0000E+00  0.0000E+00  0.0000E+00  0.0000E+00  0.0000E+00
  0.0000E+00  0.0000E+00  0.0000E+00  0.0000E+00  0.0000E+00  0.0000E+00
  0.0000E+00  0.0000E+00  0.0000E+00  0.0000E+00  0.0000E+00  0.0000E+00
  0.0000E+00  0.0000E+00  0.0000E+00  0.0000E+00  0.0000E+00  1.6447E-08
  1.6614E-08  1.6784E-08  1.6958E-08  1.7136E-08  1.7317E-08  1.7502E-08
  1.7691E-08  1.7885E-08  1.8082E-08  1.8284E-08  1.8491E-08  1.8702E-08
  3.4398E-08  4.2822E-08  5.1076E-08  5.8740E-08  7.2489E-08  9.0415E-08
  9.1539E-08  9.2690E-08  1.1920E-07  1.5667E-07  1.5872E-07  1.6082E-07
  2.0473E-07  2.3673E-07  2.9305E-07  3.1496E-07  4.0210E-07  4.3251E-07
  5.2222E-07  6.3182E-07  7.4603E-07  7.5742E-07  8.2743E-07  1.0754E-06
  1.2494E-06  1.3981E-06  1.8149E-06  1.8454E-06  1.9505E-06  2.7339E-06
  2.7823E-06  3.2428E-06  4.4810E-06  4.5647E-06  5.4970E-06  6.2608E-06
  6.3848E-06  2.1239E-05  2.7937E-05  3.5215E-05  4.4219E-05  5.6883E-05
  7.1154E-05  8.6060E-05  1.0590E-04  1.2873E-04  1.6416E-04  1.8444E-04
  2.0158E-04  2.3108E-04  2.6648E-04  2.9361E-04  3.3422E-04  3.5519E-04
  3.8879E-04  4.0589E-04  4.1549E-04  4.2690E-04  4.3872E-04  4.6833E-04
  4.7825E-04  5.5867E-04  6.6660E-04  6.7061E-04  7.1415E-04  7.7466E-04
  7.9168E-04  8.1128E-04  8.7818E-04  7.7569E-04  7.3211E-04  7.0707E-04
  6.8215E-04  6.6272E-04  7.7758E-04  7.4789E-04  7.1648E-04  7.4553E-04
  7.7588E-04  7.6937E-04  6.8238E-04  7.0169E-04  7.8311E-04  7.6105E-04
  6.8758E-04  5.7835E-04  5.7837E-04  5.4424E-04  6.3108E-04  6.9951E-04
  7.9574E-04  8.8101E-04  8.7441E-04  8.2122E-04  7.7952E-04  7.5628E-04
  7.3651E-04  7.1648E-04  6.9635E-04  6.7565E-04  6.5461E-04  6.3237E-04
  5.3554E-04  5.1944E-04  4.3422E-04  3.9489E-04  4.3378E-04  4.7097E-04
  4.9417E-04  5.3832E-04  5.3982E-04  5.4706E-04  5.4705E-04  5.1096E-04
  4.9718E-04  4.7436E-04  4.6977E-04  4.5290E-04  4.3715E-04  4.2680E-04
  4.1657E-04  4.0573E-04  3.9494E-04  3.8445E-04  3.7542E-04  3.6669E-04
  3.5858E-04  3.5117E-04  3.4357E-04  3.3591E-04  3.2839E-04  3.2136E-04
  3.1474E-04  3.0846E-04  3.0187E-04  2.9554E-04  2.9556E-04  2.8738E-04
  2.8120E-04  2.8120E-04  2.7401E-04  2.6582E-04  2.6380E-04  2.6379E-04
  2.5332E-04  2.5037E-04  2.4858E-04  2.4858E-04  2.4858E-04  2.4145E-04
  2.3719E-04  2.3057E-04  2.3055E-04  2.2719E-04  2.1868E-04  2.1867E-04
  2.1946E-04  2.2005E-04  2.2005E-04  2.2005E-04  2.1420E-04  2.1193E-04
  2.0880E-04  2.0881E-04  2.0576E-04  2.0386E-04  2.0300E-04  1.9995E-04
  1.9909E-04  2.0007E-04  1.9390E-04  1.9389E-04  1.9312E-04  1.9117E-04
  1.9117E-04  1.9117E-04  1.9117E-04  1.9117E-04  1.8651E-04  1.8572E-04
  1.8571E-04  1.8572E-04  1.8571E-04  1.8464E-04  1.8319E-04  1.8238E-04
  1.8001E-04  1.8001E-04  1.8001E-04  1.7876E-04  1.7875E-04  1.7771E-04
  1.7506E-04  1.7507E-04  1.7717E-04  1.7878E-04  1.7877E-04  1.7450E-04
  1.7376E-04  1.7388E-04  1.7461E-04  1.7461E-04  1.7424E-04  1.7373E-04
  1.7372E-04  1.6497E-04  1.6141E-04  1.6141E-04  1.8025E-04  1.8032E-04
  1.7765E-04  1.7086E-04  1.7086E-04  1.6488E-04  1.6032E-04  1.6033E-04
  1.7398E-04  1.7632E-04  1.7516E-04  1.6804E-04  1.6804E-04  1.6770E-04
  1.6724E-04  1.6724E-04  1.6581E-04  1.6522E-04  1.6523E-04  1.6556E-04
  1.6556E-04  1.6542E-04  1.6507E-04  1.6507E-04  1.6425E-04  1.6363E-04
  1.6363E-04  1.6320E-04  1.6314E-04  1.6230E-04  1.5714E-04  1.5714E-04
  1.6032E-04  1.6462E-04  1.6462E-04  1.5684E-04  1.5365E-04  1.5365E-04
  1.6348E-04  1.6352E-04  1.6110E-04  1.5500E-04  1.5500E-04  1.5792E-04
  1.6013E-04  1.6013E-04  1.5650E-04  1.5587E-04  1.5602E-04  1.5692E-04
  1.5692E-04  1.5708E-04  1.5729E-04  1.5729E-04  1.5207E-04  1.4991E-04
  1.4991E-04  1.5213E-04  1.5214E-04  1.5144E-04  1.4961E-04  1.4961E-04
  1.4750E-04  1.4593E-04  1.4793E-04  1.4992E-04  1.4992E-04  1.4884E-04
  1.4872E-04  1.4872E-04  1.5039E-04  1.5143E-04  1.5143E-04  1.4582E-04
  1.4358E-04  1.4357E-04  1.4311E-04  1.4183E-04  1.4184E-04  1.4183E-04
  1.4184E-04  1.4069E-04  1.3983E-04  1.3983E-04  1.3982E-04  1.3814E-04
  1.3795E-04  1.3795E-04  1.3795E-04  1.3795E-04  1.3795E-04  1.3794E-04
  1.3795E-04  1.3795E-04  1.3775E-04  1.2638E-04  1.2638E-04  1.2638E-04
  1.2638E-04  1.2637E-04  1.2638E-04  1.2638E-04  1.2638E-04  1.2638E-04
  1.2637E-04  1.2638E-04  1.2531E-04  1.1781E-04  1.1780E-04  1.1780E-04
  1.1780E-04  1.1781E-04  1.1781E-04  1.1780E-04  1.1780E-04  1.1781E-04
  1.1781E-04  1.1780E-04  1.1881E-04  1.2268E-04  1.2267E-04  1.2267E-04
  1.2268E-04  1.2267E-04  1.2267E-04  1.2267E-04  1.2268E-04  1.2267E-04
  1.2267E-04  1.2868E-04  1.2692E-04  1.1915E-04  1.2053E-04  1.1250E-04
  1.0843E-04  1.1277E-04  8.5611E-05  1.0458E-05  3.3986E-05  8.4425E-05
  8.4682E-05  8.1722E-05  6.6542E-05  9.5767E-05  1.0674E-04  1.0998E-04
  1.0825E-04  1.0637E-04  1.1665E-04  1.1590E-04  1.1749E-04  1.1720E-04
  1.1713E-04  1.1647E-04  1.1586E-04  1.1706E-04  1.1608E-04  1.0182E-04
  1.1195E-04  1.1596E-04  1.1755E-04  1.1847E-04  1.1865E-04  1.1814E-04
  1.2151E-04  1.2211E-04  1.2205E-04  1.2202E-04  1.2210E-04  1.2105E-04
  1.1860E-04  1.1612E-04  1.1078E-04  1.0726E-04  1.0327E-04  9.4064E-05
  6.1242E-05  2.5805E-05  3.0659E-05  6.8562E-05  9.0544E-05  9.9001E-05
  1.0397E-04  1.0719E-04  1.0935E-04  1.1086E-04  1.1274E-04  1.1376E-04
  1.1386E-04  1.1515E-04  1.1644E-04  1.1737E-04  1.1780E-04  1.1742E-04
  1.1744E-04  1.1788E-04  1.1769E-04  1.1687E-04  1.1557E-04  1.1253E-04
  1.0832E-04  1.0554E-04  1.0166E-04  9.7014E-05  9.3840E-05  9.8775E-05
  9.9607E-05  1.1359E-04  1.1408E-04  1.3466E-04  1.3703E-04  1.5256E-04
  1.6254E-04  1.6342E-04  1.7975E-04  1.9625E-04  2.0452E-04  2.1120E-04
  2.1682E-04  2.2278E-04  2.2753E-04  2.2992E-04  2.3272E-04  2.3389E-04
  2.3439E-04  2.3324E-04  2.3287E-04  2.2854E-04  2.2855E-04  2.2497E-04
  2.2497E-04  2.1634E-04  2.1286E-04  2.1024E-04  1.9592E-04  1.9592E-04
  1.9034E-04  1.7402E-04  1.7402E-04  1.7402E-04  1.4971E-04  1.4723E-04
  1.4723E-04  1.4723E-04  1.2582E-04  1.2466E-04  1.1365E-04  1.0799E-04
  1.0623E-04  9.0875E-05  9.0874E-05  8.7363E-05  7.3611E-05  7.3611E-05
  7.3605E-05  5.9208E-05  5.6781E-05  5.6781E-05  5.6780E-05  4.2336E-05
  4.0677E-05  4.0677E-05  4.0677E-05  3.9927E-05  2.6109E-05  2.6109E-05
  2.6109E-05  2.6109E-05  2.6109E-05  2.6104E-05  1.6273E-05  1.3880E-05
  1.3879E-05  1.3879E-05  1.3879E-05  1.3879E-05  1.3879E-05  1.3879E-05
  1.3879E-05  4.9417E-06  4.9417E-06  4.9417E-06  4.9416E-06  4.9417E-06
  4.9417E-06  4.9417E-06  4.9418E-06  4.9417E-06  4.9417E-06  4.9417E-06
  4.9417E-06  4.9417E-06  4.9417E-06  4.9412E-06  8.5589E-07  6.3355E-07
  6.3355E-07  6.3354E-07  6.3355E-07  6.3355E-07  6.3354E-07  6.3354E-07
  6.3355E-07  6.3354E-07  6.3354E-07  6.3354E-07  6.3355E-07  6.3354E-07
  6.3355E-07  6.3353E-07  6.3354E-07  6.3355E-07  6.3355E-07  6.3355E-07
  6.3354E-07  6.3354E-07  6.3354E-07  6.3355E-07  6.3354E-07  6.3354E-07
  6.3353E-07  6.3355E-07  6.3354E-07  6.3355E-07  6.3354E-07  6.3353E-07
  6.3356E-07  6.3353E-07  6.3217E-07  6.5201E-13  0.0000E+00  0.0000E+00
  0.0000E+00  0.0000E+00  0.0000E+00  0.0000E+00  0.0000E+00  0.0000E+00
  0.0000E+00  0.0000E+00  0.0000E+00  0.0000E+00  0.0000E+00  0.0000E+00
  0.0000E+00  0.0000E+00  0.0000E+00  0.0000E+00  0.0000E+00  0.0000E+00
  0.0000E+00  0.0000E+00  0.0000E+00  0.0000E+00  0.0000E+00  0.0000E+00
  0.0000E+00  0.0000E+00  0.0000E+00  0.0000E+00  0.0000E+00  0.0000E+00
  0.0000E+00  0.0000E+00  0.0000E+00  0.0000E+00  0.0000E+00  0.0000E+00
  0.0000E+00  0.0000E+00  0.0000E+00  0.0000E+00  0.0000E+00  0.0000E+00
  0.0000E+00  0.0000E+00  0.0000E+00  0.0000E+00  0.0000E+00  0.0000E+00
  0.0000E+00  0.0000E+00  0.0000E+00  0.0000E+00  0.0000E+00  0.0000E+00
  0.0000E+00  0.0000E+00  0.0000E+00  0.0000E+00  0.0000E+00  0.0000E+00
  0.0000E+00  0.0000E+00  0.0000E+00  0.0000E+00  0.0000E+00  0.0000E+00
  0.0000E+00  0.0000E+00  0.0000E+00  0.0000E+00  0.0000E+00  0.0000E+00
  0.0000E+00  0.0000E+00  0.0000E+00  0.0000E+00  0.0000E+00  0.0000E+00
  0.0000E+00  0.0000E+00  0.0000E+00  0.0000E+00  0.0000E+00  0.0000E+00
  0.0000E+00  0.0000E+00  0.0000E+00  0.0000E+00  0.0000E+00  0.0000E+00
  0.0000E+00  0.0000E+00  0.0000E+00  0.0000E+00  0.0000E+00  0.0000E+00
  0.0000E+00
 1.000
pwr_uo2_gd_40                                                                                       
