  0.0000E+00  0.0000E+00  0.0000E+00  0.0000E+00  0.0000E+00  0.0000E+00
  0.0000E+00  0.0000E+00  0.0000E+00  0.0000E+00  0.0000E+00  0.0000E+00
  0.0000E+00  0.0000E+00  0.0000E+00  0.0000E+00  0.0000E+00  0.0000E+00
  0.0000E+00  0.0000E+00  0.0000E+00  0.0000E+00  0.0000E+00  0.0000E+00
  0.0000E+00  0.0000E+00  0.0000E+00  0.0000E+00  0.0000E+00  0.0000E+00
  0.0000E+00  0.0000E+00  0.0000E+00  0.0000E+00  0.0000E+00  0.0000E+00
  0.0000E+00  0.0000E+00  0.0000E+00  0.0000E+00  0.0000E+00  0.0000E+00
  0.0000E+00  0.0000E+00  0.0000E+00  0.0000E+00  0.0000E+00  0.0000E+00
  0.0000E+00  0.0000E+00  0.0000E+00  0.0000E+00  0.0000E+00  0.0000E+00
  0.0000E+00  0.0000E+00  0.0000E+00  0.0000E+00  0.0000E+00  3.6543E-08
  3.6914E-08  3.7293E-08  3.7680E-08  3.8074E-08  3.8477E-08  3.8888E-08
  3.9309E-08  3.9739E-08  4.0178E-08  4.0627E-08  4.1086E-08  4.1555E-08
  7.6453E-08  9.5181E-08  1.1359E-07  1.3068E-07  1.6169E-07  2.0213E-07
  2.0464E-07  2.0722E-07  2.6739E-07  3.5246E-07  3.5707E-07  3.6180E-07
  4.6173E-07  5.3453E-07  6.6198E-07  7.1154E-07  9.1038E-07  9.7981E-07
  1.1850E-06  1.4375E-06  1.7006E-06  1.7265E-06  1.8871E-06  2.4563E-06
  2.8564E-06  3.1993E-06  4.1730E-06  4.2432E-06  4.4862E-06  6.3028E-06
  6.4144E-06  7.4610E-06  1.0272E-05  1.0464E-05  1.2656E-05  1.4451E-05
  1.4737E-05  4.9035E-05  6.4482E-05  8.1532E-05  1.0273E-04  1.3207E-04
  1.6521E-04  2.0002E-04  2.4592E-04  2.9843E-04  3.8025E-04  4.2793E-04
  4.6945E-04  5.3878E-04  6.1994E-04  6.8468E-04  7.7435E-04  8.2408E-04
  9.0443E-04  9.4496E-04  9.7085E-04  1.0017E-03  1.0305E-03  1.1029E-03
  1.1258E-03  1.3116E-03  1.5558E-03  1.5705E-03  1.6732E-03  1.8131E-03
  1.8542E-03  1.9004E-03  2.0539E-03  1.8322E-03  1.7365E-03  1.6817E-03
  1.6269E-03  1.5843E-03  1.8512E-03  1.7879E-03  1.7158E-03  1.7847E-03
  1.8582E-03  1.8452E-03  1.6426E-03  1.6886E-03  1.8814E-03  1.8324E-03
  1.6596E-03  1.4005E-03  1.4005E-03  1.3427E-03  1.5541E-03  1.7235E-03
  1.9639E-03  2.1793E-03  2.1645E-03  2.0320E-03  1.9280E-03  1.8707E-03
  1.8216E-03  1.7711E-03  1.7203E-03  1.6674E-03  1.6139E-03  1.5605E-03
  1.3170E-03  1.2765E-03  1.0635E-03  9.6524E-04  1.0592E-03  1.1498E-03
  1.2099E-03  1.3230E-03  1.3273E-03  1.3483E-03  1.3483E-03  1.2555E-03
  1.2232E-03  1.1650E-03  1.1532E-03  1.1095E-03  1.0688E-03  1.0426E-03
  1.0163E-03  9.8764E-04  9.5944E-04  9.3224E-04  9.0905E-04  8.8685E-04
  8.6610E-04  8.4717E-04  8.2781E-04  8.0838E-04  7.8925E-04  7.7118E-04
  7.5419E-04  7.3816E-04  7.2121E-04  7.0516E-04  7.0517E-04  6.8416E-04
  6.6828E-04  6.6828E-04  6.5063E-04  6.2823E-04  6.2498E-04  6.2498E-04
  5.9687E-04  5.8998E-04  5.8658E-04  5.8658E-04  5.8658E-04  5.6835E-04
  5.5747E-04  5.4014E-04  5.4009E-04  5.3103E-04  5.0809E-04  5.0809E-04
  5.1247E-04  5.1579E-04  5.1578E-04  5.1578E-04  5.0061E-04  4.9474E-04
  4.8676E-04  4.8676E-04  4.7895E-04  4.7370E-04  4.7173E-04  4.6332E-04
  4.6148E-04  4.6461E-04  4.4738E-04  4.4733E-04  4.4748E-04  4.4791E-04
  4.4790E-04  4.4790E-04  4.4791E-04  4.4789E-04  4.3530E-04  4.3315E-04
  4.3314E-04  4.3315E-04  4.3315E-04  4.3046E-04  4.2687E-04  4.2460E-04
  4.1804E-04  4.1803E-04  4.1803E-04  4.1520E-04  4.1520E-04  4.1207E-04
  4.0414E-04  4.0414E-04  4.1087E-04  4.1598E-04  4.1597E-04  4.0364E-04
  4.0153E-04  4.0200E-04  4.0495E-04  4.0495E-04  4.0396E-04  4.0263E-04
  4.0262E-04  3.7671E-04  3.6615E-04  3.6616E-04  4.2234E-04  4.2253E-04
  4.1485E-04  3.9528E-04  3.9528E-04  3.7771E-04  3.6432E-04  3.6432E-04
  4.0427E-04  4.1113E-04  4.0786E-04  3.8759E-04  3.8760E-04  3.8663E-04
  3.8533E-04  3.8533E-04  3.8141E-04  3.7981E-04  3.7981E-04  3.8093E-04
  3.8093E-04  3.8053E-04  3.7950E-04  3.7951E-04  3.7762E-04  3.7617E-04
  3.7619E-04  3.7450E-04  3.7423E-04  3.7206E-04  3.5858E-04  3.5857E-04
  3.6709E-04  3.7860E-04  3.7859E-04  3.5731E-04  3.4859E-04  3.4859E-04
  3.7618E-04  3.7627E-04  3.6991E-04  3.5381E-04  3.5381E-04  3.6142E-04
  3.6716E-04  3.6716E-04  3.5776E-04  3.5615E-04  3.5646E-04  3.5845E-04
  3.5844E-04  3.5918E-04  3.6017E-04  3.6017E-04  3.4602E-04  3.4017E-04
  3.4017E-04  3.4677E-04  3.4678E-04  3.4497E-04  3.4032E-04  3.4031E-04
  3.3482E-04  3.3068E-04  3.3576E-04  3.4080E-04  3.4081E-04  3.3857E-04
  3.3832E-04  3.3833E-04  3.4347E-04  3.4669E-04  3.4668E-04  3.3236E-04
  3.2660E-04  3.2659E-04  3.2537E-04  3.2196E-04  3.2196E-04  3.2196E-04
  3.2196E-04  3.1958E-04  3.1775E-04  3.1776E-04  3.1776E-04  3.1462E-04
  3.1425E-04  3.1425E-04  3.1425E-04  3.1426E-04  3.1426E-04  3.1425E-04
  3.1425E-04  3.1426E-04  3.1377E-04  2.8530E-04  2.8530E-04  2.8530E-04
  2.8529E-04  2.8530E-04  2.8530E-04  2.8530E-04  2.8530E-04  2.8529E-04
  2.8530E-04  2.8530E-04  2.8290E-04  2.6599E-04  2.6598E-04  2.6598E-04
  2.6598E-04  2.6598E-04  2.6599E-04  2.6599E-04  2.6598E-04  2.6599E-04
  2.6598E-04  2.6599E-04  2.6896E-04  2.8042E-04  2.8042E-04  2.8043E-04
  2.8042E-04  2.8043E-04  2.8042E-04  2.8042E-04  2.8043E-04  2.8042E-04
  2.8043E-04  2.9669E-04  2.9290E-04  2.7429E-04  2.7667E-04  2.5240E-04
  2.4490E-04  2.5463E-04  1.8653E-04  2.1034E-05  6.9850E-05  1.8303E-04
  1.8344E-04  1.7713E-04  1.4177E-04  2.1351E-04  2.4335E-04  2.5273E-04
  2.4884E-04  2.4516E-04  2.7227E-04  2.6733E-04  2.7190E-04  2.7167E-04
  2.7107E-04  2.7020E-04  2.6925E-04  2.7252E-04  2.6972E-04  2.3141E-04
  2.5827E-04  2.6967E-04  2.7440E-04  2.7728E-04  2.7809E-04  2.7728E-04
  2.8619E-04  2.8794E-04  2.8791E-04  2.8799E-04  2.8830E-04  2.8573E-04
  2.7928E-04  2.7215E-04  2.5738E-04  2.4727E-04  2.3618E-04  2.1177E-04
  1.3093E-04  5.1803E-05  6.1848E-05  1.4774E-04  2.0337E-04  2.2644E-04
  2.4046E-04  2.4979E-04  2.5603E-04  2.6052E-04  2.6611E-04  2.6912E-04
  2.6975E-04  2.7033E-04  2.7326E-04  2.7629E-04  2.7837E-04  2.7826E-04
  2.7959E-04  2.8220E-04  2.8340E-04  2.8317E-04  2.8183E-04  2.7736E-04
  2.7009E-04  2.6515E-04  2.5795E-04  2.5042E-04  2.4527E-04  2.6030E-04
  2.6283E-04  3.1128E-04  3.1296E-04  3.8427E-04  3.9247E-04  4.4966E-04
  4.8639E-04  4.8987E-04  5.5397E-04  5.9980E-04  6.3261E-04  6.6117E-04
  6.8591E-04  7.1306E-04  7.3706E-04  7.5005E-04  7.6621E-04  7.7714E-04
  7.8189E-04  7.8678E-04  7.8621E-04  7.7549E-04  7.7551E-04  7.7014E-04
  7.7015E-04  7.4516E-04  7.3505E-04  7.2678E-04  6.8147E-04  6.8147E-04
  6.6296E-04  6.0884E-04  6.0884E-04  6.0884E-04  5.2598E-04  5.1755E-04
  5.1754E-04  5.1754E-04  4.4289E-04  4.3884E-04  4.0031E-04  3.8051E-04
  3.7428E-04  3.1997E-04  3.1997E-04  3.0756E-04  2.5889E-04  2.5889E-04
  2.5887E-04  2.0858E-04  2.0010E-04  2.0010E-04  2.0010E-04  1.4876E-04
  1.4286E-04  1.4285E-04  1.4285E-04  1.4020E-04  9.1308E-05  9.1309E-05
  9.1309E-05  9.1309E-05  9.1309E-05  9.1290E-05  5.6759E-05  4.8355E-05
  4.8349E-05  4.8351E-05  4.8350E-05  4.8350E-05  4.8351E-05  4.8349E-05
  4.8350E-05  1.7208E-05  1.7208E-05  1.7208E-05  1.7208E-05  1.7208E-05
  1.7207E-05  1.7208E-05  1.7207E-05  1.7208E-05  1.7208E-05  1.7208E-05
  1.7208E-05  1.7207E-05  1.7207E-05  1.7206E-05  3.0152E-06  2.2429E-06
  2.2429E-06  2.2429E-06  2.2429E-06  2.2428E-06  2.2429E-06  2.2429E-06
  2.2429E-06  2.2429E-06  2.2428E-06  2.2429E-06  2.2428E-06  2.2429E-06
  2.2429E-06  2.2429E-06  2.2428E-06  2.2429E-06  2.2428E-06  2.2428E-06
  2.2429E-06  2.2429E-06  2.2429E-06  2.2429E-06  2.2428E-06  2.2428E-06
  2.2429E-06  2.2429E-06  2.2428E-06  2.2428E-06  2.2428E-06  2.2428E-06
  2.2429E-06  2.2429E-06  2.2380E-06  2.3083E-12  0.0000E+00  0.0000E+00
  0.0000E+00  0.0000E+00  0.0000E+00  0.0000E+00  0.0000E+00  0.0000E+00
  0.0000E+00  0.0000E+00  0.0000E+00  0.0000E+00  0.0000E+00  0.0000E+00
  0.0000E+00  0.0000E+00  0.0000E+00  0.0000E+00  0.0000E+00  0.0000E+00
  0.0000E+00  0.0000E+00  0.0000E+00  0.0000E+00  0.0000E+00  0.0000E+00
  0.0000E+00  0.0000E+00  0.0000E+00  0.0000E+00  0.0000E+00  0.0000E+00
  0.0000E+00  0.0000E+00  0.0000E+00  0.0000E+00  0.0000E+00  0.0000E+00
  0.0000E+00  0.0000E+00  0.0000E+00  0.0000E+00  0.0000E+00  0.0000E+00
  0.0000E+00  0.0000E+00  0.0000E+00  0.0000E+00  0.0000E+00  0.0000E+00
  0.0000E+00  0.0000E+00  0.0000E+00  0.0000E+00  0.0000E+00  0.0000E+00
  0.0000E+00  0.0000E+00  0.0000E+00  0.0000E+00  0.0000E+00  0.0000E+00
  0.0000E+00  0.0000E+00  0.0000E+00  0.0000E+00  0.0000E+00  0.0000E+00
  0.0000E+00  0.0000E+00  0.0000E+00  0.0000E+00  0.0000E+00  0.0000E+00
  0.0000E+00  0.0000E+00  0.0000E+00  0.0000E+00  0.0000E+00  0.0000E+00
  0.0000E+00  0.0000E+00  0.0000E+00  0.0000E+00  0.0000E+00  0.0000E+00
  0.0000E+00  0.0000E+00  0.0000E+00  0.0000E+00  0.0000E+00  0.0000E+00
  0.0000E+00  0.0000E+00  0.0000E+00  0.0000E+00  0.0000E+00  0.0000E+00
  0.0000E+00
 1.000
bwr_uo2_gd_40                                                                                       
