  0.0000E+00  0.0000E+00  0.0000E+00  0.0000E+00  0.0000E+00  0.0000E+00
  0.0000E+00  0.0000E+00  0.0000E+00  0.0000E+00  0.0000E+00  0.0000E+00
  0.0000E+00  0.0000E+00  0.0000E+00  0.0000E+00  0.0000E+00  0.0000E+00
  0.0000E+00  0.0000E+00  0.0000E+00  0.0000E+00  0.0000E+00  0.0000E+00
  0.0000E+00  0.0000E+00  0.0000E+00  0.0000E+00  0.0000E+00  0.0000E+00
  0.0000E+00  0.0000E+00  0.0000E+00  0.0000E+00  0.0000E+00  0.0000E+00
  0.0000E+00  0.0000E+00  0.0000E+00  0.0000E+00  0.0000E+00  0.0000E+00
  0.0000E+00  0.0000E+00  0.0000E+00  0.0000E+00  0.0000E+00  0.0000E+00
  0.0000E+00  0.0000E+00  0.0000E+00  0.0000E+00  0.0000E+00  0.0000E+00
  0.0000E+00  0.0000E+00  0.0000E+00  0.0000E+00  0.0000E+00  0.0000E+00
  0.0000E+00  0.0000E+00  0.0000E+00  0.0000E+00  0.0000E+00  0.0000E+00
  0.0000E+00  0.0000E+00  0.0000E+00  0.0000E+00  0.0000E+00  0.0000E+00
  0.0000E+00  0.0000E+00  0.0000E+00  0.0000E+00  0.0000E+00  0.0000E+00
  0.0000E+00  0.0000E+00  0.0000E+00  0.0000E+00  0.0000E+00  0.0000E+00
  0.0000E+00  0.0000E+00  0.0000E+00  0.0000E+00  3.0236E+09  2.5902E+09
  1.2840E+08  1.0277E+08  7.6018E+07  7.7179E+07  6.9404E+07  3.4326E+07
  2.9156E+07  2.5418E+07  1.7753E+07  1.8052E+07  1.8632E+07  2.1722E+07
  2.2106E+07  2.3349E+07  2.6205E+07  2.6694E+07  2.6542E+07  2.6543E+07
  2.7068E+07  5.8679E+07  6.1752E+07  5.9042E+07  5.2163E+07  5.0088E+07
  4.1298E+07  3.8286E+07  4.6215E+07  4.9866E+07  5.0989E+07  5.7580E+07
  4.5969E+07  5.1021E+07  5.7917E+07  6.6140E+07  6.9687E+07  6.8293E+07
  6.7766E+07  6.7934E+07  7.6116E+07  8.5846E+07  9.0684E+07  1.0281E+08
  1.0288E+08  1.0336E+08  1.0164E+08  1.1113E+08  1.3775E+08  1.3794E+08
  1.3509E+08  1.5478E+11  7.1982E+10  2.8366E+10  1.3083E+10  8.1669E+09
  6.7178E+09  7.5968E+09  9.7568E+09  1.1402E+10  1.6980E+10  2.4153E+10
  2.2932E+10  1.8147E+10  1.4078E+10  1.1197E+10  9.7833E+09  9.3848E+09
  8.2564E+09  7.6798E+09  7.7062E+09  8.4381E+09  1.0080E+10  8.8724E+09
  8.7009E+09  7.8865E+09  7.7261E+09  8.5750E+09  9.3700E+09  9.8281E+09
  9.8833E+09  8.9016E+09  8.8777E+09  8.0649E+09  7.5760E+09  7.8090E+09
  7.6989E+09  7.6780E+09  6.6348E+09  6.1534E+09  6.0417E+09  6.7233E+09
  7.4662E+09  6.8605E+09  6.7938E+09  6.4672E+09  6.4672E+09  6.0026E+09
  4.5338E+09  4.9264E+09  5.0215E+09  4.6225E+09  4.1163E+09  4.1469E+09
  4.1660E+09  3.5681E+09  3.2586E+09  4.0079E+09  5.0063E+09  3.9593E+09
  4.6784E+09  3.9800E+09  3.1881E+09  4.5007E+09  4.8492E+09  4.7215E+09
  4.3988E+09  3.8310E+09  3.4559E+09  3.1861E+09  3.1862E+09  3.1252E+09
  3.0790E+09  3.0790E+09  2.3113E+09  5.1392E+09  2.7801E+09  2.7801E+09
  3.7076E+09  3.3612E+09  2.7156E+09  2.7156E+09  2.7156E+09  2.3383E+09
  2.1131E+09  2.6139E+09  2.6151E+09  2.5545E+09  2.4012E+09  2.4012E+09
  2.2411E+09  2.1199E+09  2.1199E+09  2.1199E+09  1.8632E+09  1.6871E+09
  1.0814E+09  1.0814E+09  6.6904E+08  1.8229E+09  4.7334E+09  4.2813E+09
  2.4290E+09  2.1616E+09  1.7875E+09  1.7865E+09  1.7738E+09  1.7414E+09
  1.7414E+09  1.7414E+09  1.7414E+09  1.7414E+09  1.6378E+09  1.6201E+09
  1.6201E+09  1.6201E+09  1.6201E+09  1.5695E+09  1.5014E+09  1.4668E+09
  1.3657E+09  1.3657E+09  1.3657E+09  9.4712E+08  9.4581E+08  9.4581E+08
  9.4581E+08  9.4581E+08  1.2476E+09  1.4770E+09  1.4770E+09  1.4770E+09
  1.4770E+09  1.4738E+09  1.4541E+09  1.4541E+09  1.4541E+09  1.4541E+09
  1.4541E+09  1.3290E+09  1.2781E+09  1.2781E+09  1.3577E+09  1.4536E+09
  1.4313E+09  1.3744E+09  1.3709E+09  1.3429E+09  1.3429E+09  1.2306E+09
  1.1499E+09  1.1063E+09  1.0970E+09  1.1311E+09  1.1541E+09  1.1823E+09
  1.2203E+09  1.2203E+09  1.2203E+09  1.2203E+09  1.2203E+09  1.1497E+09
  1.1494E+09  1.1494E+09  1.1494E+09  1.1494E+09  1.0547E+09  9.8253E+08
  9.8256E+08  9.8254E+08  9.8256E+08  9.9031E+08  1.0384E+09  1.0384E+09
  1.0384E+09  1.0384E+09  1.0384E+09  9.9213E+08  9.7325E+08  9.7325E+08
  9.7325E+08  9.7325E+08  9.5812E+08  9.1949E+08  9.1949E+08  9.1949E+08
  9.1949E+08  9.1949E+08  8.4608E+08  8.3341E+08  8.3341E+08  8.3341E+08
  8.3341E+08  8.0334E+08  7.6256E+08  7.6256E+08  7.6256E+08  7.6256E+08
  7.6256E+08  8.7026E+08  8.7079E+08  8.7079E+08  8.7079E+08  8.7079E+08
  8.3703E+08  8.1117E+08  8.1116E+08  8.1117E+08  8.1116E+08  8.0657E+08
  7.7793E+08  7.7793E+08  7.7792E+08  7.7793E+08  7.7792E+08  7.5242E+08
  7.4193E+08  7.4192E+08  7.4194E+08  7.4192E+08  7.3883E+08  7.3084E+08
  7.3084E+08  7.3084E+08  7.3084E+08  7.3084E+08  7.2711E+08  7.2646E+08
  7.2646E+08  7.2646E+08  7.2646E+08  7.2270E+08  7.1759E+08  7.1759E+08
  7.1759E+08  7.1759E+08  7.1759E+08  6.3095E+08  6.3048E+08  6.3048E+08
  6.3048E+08  6.3048E+08  6.3576E+08  6.3982E+08  6.3983E+08  6.3982E+08
  6.3982E+08  6.3236E+08  5.8543E+08  5.8543E+08  5.8543E+08  5.8543E+08
  5.8543E+08  4.5896E+08  4.0688E+08  4.0687E+08  4.0687E+08  4.0687E+08
  4.3328E+08  5.0101E+08  5.0101E+08  5.0101E+08  5.0100E+08  5.0101E+08
  5.3406E+08  5.3983E+08  5.3982E+08  5.3981E+08  5.3983E+08  5.3644E+08
  5.3184E+08  5.3183E+08  5.3184E+08  5.3183E+08  5.3183E+08  5.0370E+08
  5.0353E+08  5.0353E+08  5.0353E+08  5.0353E+08  4.9732E+08  4.9254E+08
  4.9254E+08  4.9254E+08  4.9254E+08  4.7964E+08  3.9808E+08  3.9808E+08
  3.9808E+08  3.9808E+08  3.9808E+08  3.9052E+08  3.8740E+08  3.8740E+08
  3.8740E+08  3.8740E+08  3.9512E+08  4.1507E+08  4.1507E+08  4.1507E+08
  4.1507E+08  4.1507E+08  4.1467E+08  4.1460E+08  4.1460E+08  4.1460E+08
  4.1460E+08  4.0662E+08  3.9569E+08  3.9569E+08  3.9569E+08  3.9569E+08
  3.9569E+08  3.8838E+08  3.8832E+08  3.8833E+08  3.8833E+08  3.8832E+08
  3.7840E+08  3.7070E+08  3.7070E+08  3.7070E+08  3.7070E+08  3.6729E+08
  3.4558E+08  3.4558E+08  3.4558E+08  3.4558E+08  3.4558E+08  3.3177E+08
  3.2605E+08  3.2605E+08  3.2605E+08  3.2605E+08  3.2066E+08  3.0669E+08
  3.0669E+08  3.0669E+08  3.0669E+08  3.0669E+08  2.5687E+08  2.4804E+08
  2.4804E+08  2.4804E+08  2.4804E+08  2.4804E+08  2.4804E+08  2.4804E+08
  2.4804E+08  2.4804E+08  2.4804E+08  2.4804E+08  2.4804E+08  2.4804E+08
  2.4804E+08  2.4804E+08  2.4804E+08  2.4804E+08  2.4804E+08  2.4804E+08
  2.4804E+08  2.4804E+08  2.4804E+08  2.4805E+08  2.4804E+08  2.4805E+08
  2.4804E+08  2.4804E+08  2.4805E+08  2.4804E+08  2.4805E+08  4.9780E+07
  4.9780E+07  4.9780E+07  4.9780E+07  4.9780E+07  4.9780E+07  4.9780E+07
  4.9780E+07  4.9780E+07  4.9780E+07  4.9780E+07  4.9780E+07  4.9780E+07
  4.9780E+07  4.9780E+07  4.9780E+07  4.9780E+07  4.9780E+07  4.9780E+07
  4.9780E+07  4.9780E+07  4.9780E+07  4.9780E+07  4.9780E+07  4.9780E+07
  4.9780E+07  4.9780E+07  4.9780E+07  4.9780E+07  4.9780E+07  4.9780E+07
  4.9780E+07  4.9780E+07  4.9780E+07  4.9780E+07  4.9780E+07  4.9780E+07
  4.9780E+07  4.9780E+07  4.9780E+07  4.9780E+07  4.9780E+07  4.9780E+07
  4.9780E+07  4.9781E+07  4.9780E+07  4.9779E+07  4.9781E+07  4.9779E+07
  4.9780E+07  4.9780E+07  4.9780E+07  4.9780E+07  4.9780E+07  4.9780E+07
  4.9780E+07  4.9780E+07  4.9780E+07  4.9780E+07  4.9780E+07  4.9780E+07
  4.9780E+07  4.9780E+07  4.9780E+07  4.9780E+07  4.9780E+07  4.9780E+07
  4.9780E+07  4.9780E+07  4.9780E+07  4.9780E+07  4.9780E+07  4.9780E+07
  4.9780E+07  4.9780E+07  4.9780E+07  4.9780E+07  4.9780E+07  4.9780E+07
  4.9780E+07  4.9780E+07  4.9780E+07  4.9780E+07  4.9780E+07  4.9780E+07
  4.9780E+07  4.9780E+07  4.9780E+07  4.9780E+07  4.9780E+07  4.9780E+07
  4.9780E+07  4.9780E+07  4.9780E+07  4.9781E+07  4.9780E+07  4.9779E+07
  4.9781E+07  4.9779E+07  4.9780E+07  5.1343E+01  0.0000E+00  0.0000E+00
  0.0000E+00  0.0000E+00  0.0000E+00  0.0000E+00  0.0000E+00  0.0000E+00
  0.0000E+00  0.0000E+00  0.0000E+00  0.0000E+00  0.0000E+00  0.0000E+00
  0.0000E+00  0.0000E+00  0.0000E+00  0.0000E+00  0.0000E+00  0.0000E+00
  0.0000E+00  0.0000E+00  0.0000E+00  0.0000E+00  0.0000E+00  0.0000E+00
  0.0000E+00  0.0000E+00  0.0000E+00  0.0000E+00  0.0000E+00  0.0000E+00
  0.0000E+00  0.0000E+00  0.0000E+00  0.0000E+00  0.0000E+00  0.0000E+00
  0.0000E+00  0.0000E+00  0.0000E+00  0.0000E+00  0.0000E+00  0.0000E+00
  0.0000E+00  0.0000E+00  0.0000E+00  0.0000E+00  0.0000E+00  0.0000E+00
  0.0000E+00  0.0000E+00  0.0000E+00  0.0000E+00  0.0000E+00  0.0000E+00
  0.0000E+00  0.0000E+00  0.0000E+00  0.0000E+00  0.0000E+00  0.0000E+00
  0.0000E+00  0.0000E+00  0.0000E+00  0.0000E+00  0.0000E+00  0.0000E+00
  0.0000E+00  0.0000E+00  0.0000E+00  0.0000E+00  0.0000E+00  0.0000E+00
  0.0000E+00  0.0000E+00  0.0000E+00  0.0000E+00  0.0000E+00  0.0000E+00
  0.0000E+00  0.0000E+00  0.0000E+00  0.0000E+00  0.0000E+00  0.0000E+00
  0.0000E+00  0.0000E+00  0.0000E+00  0.0000E+00  0.0000E+00  0.0000E+00
  0.0000E+00  0.0000E+00  0.0000E+00  0.0000E+00  0.0000E+00  0.0000E+00
  0.0000E+00
 1.000
ITER D-D 1.0663E+12                                                                                 
