  0.0000E+00  0.0000E+00  0.0000E+00  0.0000E+00  0.0000E+00  0.0000E+00
  0.0000E+00  0.0000E+00  0.0000E+00  0.0000E+00  0.0000E+00  0.0000E+00
  0.0000E+00  0.0000E+00  0.0000E+00  0.0000E+00  0.0000E+00  0.0000E+00
  0.0000E+00  0.0000E+00  0.0000E+00  0.0000E+00  0.0000E+00  0.0000E+00
  0.0000E+00  0.0000E+00  0.0000E+00  0.0000E+00  0.0000E+00  0.0000E+00
  0.0000E+00  0.0000E+00  0.0000E+00  0.0000E+00  0.0000E+00  0.0000E+00
  0.0000E+00  0.0000E+00  0.0000E+00  0.0000E+00  0.0000E+00  0.0000E+00
  0.0000E+00  0.0000E+00  0.0000E+00  0.0000E+00  0.0000E+00  0.0000E+00
  0.0000E+00  0.0000E+00  0.0000E+00  0.0000E+00  0.0000E+00  0.0000E+00
  0.0000E+00  0.0000E+00  0.0000E+00  0.0000E+00  0.0000E+00  0.0000E+00
  3.4581E-11  1.7397E-10  1.7577E-10  1.7761E-10  1.7949E-10  1.8141E-10
  1.8337E-10  1.8538E-10  1.8743E-10  1.8952E-10  1.9166E-10  1.9385E-10
  4.4309E-10  5.7342E-10  5.8021E-10  5.8716E-10  5.9427E-10  6.0157E-10
  6.0904E-10  6.1670E-10  6.2456E-10  6.3262E-10  6.4089E-10  6.4937E-10
  9.7213E-10  1.2051E-09  1.2217E-09  1.2388E-09  1.2564E-09  1.7579E-09
  3.7315E-09  3.7868E-09  3.8438E-09  3.9025E-09  3.9630E-09  4.0254E-09
  4.0898E-09  4.1563E-09  4.2250E-09  4.2960E-09  5.4179E-09  1.6205E-08
  1.6492E-08  1.6789E-08  1.7097E-08  1.7417E-08  1.7749E-08  1.8093E-08
  1.8452E-08  1.5295E-07  1.5295E-07  1.5295E-07  1.5295E-07  3.7614E-07
  4.9264E-07  4.9264E-07  4.9264E-07  6.6008E-07  1.0257E-06  1.0946E-06
  1.5086E-06  1.5086E-06  2.7600E-06  2.7973E-06  2.7972E-06  2.7973E-06
  4.1695E-06  4.9814E-06  4.9814E-06  4.9814E-06  6.0569E-06  8.7512E-06
  8.7513E-06  8.7512E-06  8.7512E-06  1.4980E-05  1.5364E-05  1.5364E-05
  1.5364E-05  1.9044E-05  2.1501E-05  2.1784E-05  2.2162E-05  2.3721E-05
  2.8233E-05  2.8233E-05  2.8233E-05  2.8233E-05  4.0031E-05  4.1146E-05
  4.1146E-05  4.1146E-05  4.6564E-05  5.0632E-05  5.5360E-05  6.2460E-05
  6.0881E-05  5.5495E-05  5.5882E-05  6.2333E-05  6.2333E-05  9.4422E-05
  9.8605E-05  1.4846E-04  1.6850E-04  1.6850E-04  1.6850E-04  1.6850E-04
  1.6850E-04  1.8456E-04  2.4929E-04  2.5064E-04  2.9889E-04  2.9889E-04
  2.8733E-04  2.8539E-04  2.2351E-04  1.9495E-04  2.8596E-04  3.7244E-04
  3.7244E-04  3.7244E-04  3.7244E-04  3.7244E-04  3.7244E-04  6.0157E-04
  6.0199E-04  6.4447E-04  6.5335E-04  6.7443E-04  6.8549E-04  6.8550E-04
  6.8550E-04  6.8550E-04  6.8549E-04  7.4517E-04  1.1071E-03  1.1071E-03
  1.1071E-03  1.1071E-03  1.1071E-03  1.1071E-03  1.1071E-03  1.1071E-03
  1.2346E-03  1.3876E-03  1.4125E-03  1.4752E-03  1.4752E-03  1.4752E-03
  1.4752E-03  1.4752E-03  1.4752E-03  1.9973E-03  2.1540E-03  2.1540E-03
  2.1540E-03  2.1697E-03  2.1907E-03  2.1907E-03  2.1907E-03  2.2109E-03
  2.4318E-03  2.4319E-03  2.4318E-03  2.4318E-03  2.4318E-03  2.4318E-03
  2.6822E-03  2.8718E-03  2.7824E-03  2.6471E-03  2.6472E-03  2.6471E-03
  2.6471E-03  2.2214E-03  1.3601E-03  4.8594E-03  5.3241E-03  4.8036E-03
  4.5931E-03  4.5932E-03  4.5932E-03  4.5932E-03  4.5931E-03  4.5932E-03
  4.5932E-03  4.5633E-03  3.4569E-03  3.4569E-03  5.0056E-03  5.2711E-03
  5.2710E-03  5.2711E-03  5.2710E-03  5.2709E-03  5.5547E-03  6.1042E-03
  6.1044E-03  6.1043E-03  6.1043E-03  4.6383E-03  4.6337E-03  4.6337E-03
  4.6337E-03  5.5424E-03  6.0230E-03  6.0230E-03  6.0230E-03  6.0230E-03
  6.0230E-03  6.1237E-03  6.7455E-03  6.7456E-03  5.8230E-03  5.7926E-03
  5.7926E-03  5.7926E-03  5.7926E-03  5.7926E-03  5.7926E-03  5.1700E-03
  3.7221E-03  2.7603E-03  2.7604E-03  2.7604E-03  2.7604E-03  2.7604E-03
  2.7604E-03  2.7603E-03  2.7604E-03  6.7380E-03  9.4279E-03  1.1707E-02
  1.4790E-02  1.4790E-02  1.4790E-02  1.4790E-02  1.4790E-02  1.4790E-02
  1.7525E-02  1.7568E-02  1.7519E-02  1.7519E-02  1.6234E-02  1.5254E-02
  1.5254E-02  1.5254E-02  1.5366E-02  1.5751E-02  1.5703E-02  1.4856E-02
  1.4856E-02  1.4856E-02  1.4856E-02  1.4499E-02  1.4353E-02  1.2917E-02
  1.1687E-02  1.1687E-02  1.1687E-02  1.1687E-02  1.1687E-02  1.1687E-02
  1.1687E-02  1.1687E-02  9.1268E-03  8.6849E-03  8.6849E-03  8.6849E-03
  6.7790E-03  4.9451E-03  4.9451E-03  4.9451E-03  5.0214E-03  5.4031E-03
  5.4031E-03  5.4031E-03  5.4031E-03  5.4031E-03  5.4031E-03  5.4031E-03
  5.4032E-03  4.3140E-03  3.1362E-03  3.1362E-03  3.1362E-03  3.1362E-03
  3.1362E-03  3.1362E-03  2.7251E-03  2.4571E-03  1.6530E-03  1.4454E-03
  1.4454E-03  1.4454E-03  1.4454E-03  1.4454E-03  1.4454E-03  1.4454E-03
  1.3493E-03  5.6561E-04  5.6561E-04  5.6561E-04  5.6561E-04  3.4841E-04
  3.3634E-04  2.3785E-04  1.7074E-04  1.7074E-04  1.7074E-04  1.5730E-04
  1.1733E-04  1.0392E-04  9.4171E-05  8.6490E-05  5.6983E-05  5.4017E-05
  5.1268E-05  3.9887E-05  2.7699E-05  1.8363E-05  2.1593E-05  2.6553E-05
  2.6782E-05  2.7583E-05  2.7262E-05  2.1383E-05  2.1383E-05  2.1151E-05
  2.1120E-05  9.9543E-06  5.3560E-06  5.3560E-06  5.1600E-06  4.9221E-06
  4.9221E-06  4.9221E-06  4.6174E-06  2.1030E-06  2.1030E-06  2.1030E-06
  1.7938E-06  1.7401E-06  1.7401E-06  1.7401E-06  1.2110E-06  6.9729E-07
  6.9730E-07  1.1376E-06  1.2694E-06  1.3586E-06  1.3586E-06  7.5903E-07
  7.5534E-07  4.2209E-07  3.5015E-07  3.5015E-07  3.5015E-07  4.5722E-07
  5.7351E-07  5.7351E-07  6.8174E-07  7.8031E-07  3.9026E-07  3.9026E-07
  3.9026E-07  3.9026E-07  4.3956E-07  6.2475E-07  6.2475E-07  6.2475E-07
  6.4749E-07  6.7507E-07  6.7506E-07  6.7506E-07  7.0182E-07  7.3253E-07
  8.0007E-07  8.7801E-07  7.5084E-07  6.8103E-07  8.7554E-07  8.6132E-07
  8.6220E-07  1.0391E-06  7.7801E-07  7.7528E-07  7.9384E-07  6.8265E-07
  8.6506E-07  7.8768E-07  6.7240E-07  5.1270E-07  3.7721E-07  2.6344E-07
  1.0074E-07  5.4302E-08  2.2430E-07  4.9004E-06  1.1882E-05  1.7726E-05
  2.8013E-05  2.0578E-05  3.3074E-05  1.9330E-05  2.2227E-05  2.6405E-05
  2.6405E-05  2.1067E-05  1.9682E-05  1.9682E-05  2.6300E-05  3.0362E-05
  1.9403E-05  1.3091E-05  1.3091E-05  8.6074E-06  7.8667E-06  5.3534E-06
  2.5399E-06  2.3451E-06  1.5821E-06  1.9769E-06  1.2850E-06  7.0956E-07
  7.4602E-07  9.1048E-07  9.1048E-07  1.2696E-06  1.4075E-06  1.5582E-06
  2.6518E-06  2.6518E-06  2.6517E-06  3.3288E-06  3.3299E-06  3.2852E-06
  3.6444E-06  5.0290E-06  5.0289E-06  5.1680E-06  4.1216E-06  1.6517E-06
  1.6516E-06  1.6596E-06  1.8821E-06  1.8820E-06  1.8821E-06  5.1858E-06
  1.9635E-06  1.5496E-06  1.5496E-06  2.3798E-06  5.2842E-06  1.8734E-06
  1.8734E-06  1.8353E-06  1.7481E-06  1.7481E-06  1.7268E-06  1.6242E-06
  1.6242E-06  1.6242E-06  1.3237E-06  1.3074E-06  1.3074E-06  1.2843E-06
  1.1650E-06  1.1651E-06  1.1650E-06  1.1883E-06  1.2794E-06  1.2794E-06
  1.2794E-06  1.0426E-06  1.0028E-06  1.0028E-06  1.0028E-06  7.7084E-07
  7.4421E-07  7.4422E-07  7.4422E-07  7.3210E-07  5.0890E-07  5.0891E-07
  5.0890E-07  5.0891E-07  5.0891E-07  5.0891E-07  3.4301E-07  3.0272E-07
  3.0272E-07  3.0272E-07  3.0272E-07  3.0271E-07  3.0272E-07  3.0271E-07
  3.0272E-07  2.6595E-07  2.6595E-07  2.6595E-07  2.6595E-07  2.6595E-07
  2.6595E-07  2.6595E-07  2.6595E-07  2.5034E-07  2.4939E-07  2.4939E-07
  2.4939E-07  2.4939E-07  2.4939E-07  2.4939E-07  1.2990E-07  1.2342E-07
  1.2342E-07  1.2342E-07  1.2342E-07  1.2342E-07  1.2342E-07  1.2342E-07
  1.2342E-07  1.2342E-07  1.2342E-07  4.6001E-08  3.2984E-08  3.2984E-08
  3.2984E-08  3.2984E-08  3.2984E-08  3.2984E-08  3.2984E-08  3.2984E-08
  3.2984E-08  3.2984E-08  3.2984E-08  3.2984E-08  3.2984E-08  3.2984E-08
  3.2984E-08  3.2984E-08  3.2984E-08  3.2984E-08  3.2984E-08  3.2984E-08
  3.2984E-08  3.2984E-08  3.2984E-08  3.4020E-14  0.0000E+00  0.0000E+00
  0.0000E+00  0.0000E+00  0.0000E+00  0.0000E+00  0.0000E+00  0.0000E+00
  0.0000E+00  0.0000E+00  0.0000E+00  0.0000E+00  0.0000E+00  0.0000E+00
  0.0000E+00  0.0000E+00  0.0000E+00  0.0000E+00  0.0000E+00  0.0000E+00
  0.0000E+00  0.0000E+00  0.0000E+00  0.0000E+00  0.0000E+00  0.0000E+00
  0.0000E+00  0.0000E+00  0.0000E+00  0.0000E+00  0.0000E+00  0.0000E+00
  0.0000E+00  0.0000E+00  0.0000E+00  0.0000E+00  0.0000E+00  0.0000E+00
  0.0000E+00  0.0000E+00  0.0000E+00  0.0000E+00  0.0000E+00  0.0000E+00
  0.0000E+00  0.0000E+00  0.0000E+00  0.0000E+00  0.0000E+00  0.0000E+00
  0.0000E+00  0.0000E+00  0.0000E+00  0.0000E+00  0.0000E+00  0.0000E+00
  0.0000E+00  0.0000E+00  0.0000E+00  0.0000E+00  0.0000E+00  0.0000E+00
  0.0000E+00  0.0000E+00  0.0000E+00  0.0000E+00  0.0000E+00  0.0000E+00
  0.0000E+00  0.0000E+00  0.0000E+00  0.0000E+00  0.0000E+00  0.0000E+00
  0.0000E+00  0.0000E+00  0.0000E+00  0.0000E+00  0.0000E+00  0.0000E+00
  0.0000E+00  0.0000E+00  0.0000E+00  0.0000E+00  0.0000E+00  0.0000E+00
  0.0000E+00  0.0000E+00  0.0000E+00  0.0000E+00  0.0000E+00  0.0000E+00
  0.0000E+00  0.0000E+00  0.0000E+00  0.0000E+00  0.0000E+00  0.0000E+00
  0.0000E+00
 1.000
PHENIX PROFIL XMAS TOT=2.376E+15                                                                    
