  0.0000E+00  0.0000E+00  0.0000E+00  0.0000E+00  0.0000E+00  0.0000E+00
  0.0000E+00  0.0000E+00  0.0000E+00  0.0000E+00  0.0000E+00  0.0000E+00
  0.0000E+00  0.0000E+00  0.0000E+00  0.0000E+00  0.0000E+00  0.0000E+00
  0.0000E+00  0.0000E+00  0.0000E+00  0.0000E+00  0.0000E+00  0.0000E+00
  0.0000E+00  0.0000E+00  0.0000E+00  0.0000E+00  0.0000E+00  0.0000E+00
  0.0000E+00  0.0000E+00  0.0000E+00  0.0000E+00  0.0000E+00  0.0000E+00
  0.0000E+00  0.0000E+00  0.0000E+00  0.0000E+00  0.0000E+00  0.0000E+00
  0.0000E+00  0.0000E+00  0.0000E+00  0.0000E+00  0.0000E+00  0.0000E+00
  0.0000E+00  0.0000E+00  0.0000E+00  0.0000E+00  0.0000E+00  0.0000E+00
  0.0000E+00  0.0000E+00  0.0000E+00  0.0000E+00  0.0000E+00  0.0000E+00
  0.0000E+00  0.0000E+00  0.0000E+00  0.0000E+00  0.0000E+00  0.0000E+00
  0.0000E+00  0.0000E+00  0.0000E+00  0.0000E+00  0.0000E+00  0.0000E+00
  0.0000E+00  0.0000E+00  0.0000E+00  0.0000E+00  3.7994E+07  8.8113E+07
  8.9208E+07  9.0330E+07  4.8467E+10  1.1773E+11  1.1926E+11  1.2084E+11
  1.0809E+12  1.7662E+12  4.5001E+12  5.4726E+12  7.2119E+12  6.8412E+12
  4.7114E+12  3.0008E+12  1.2159E+12  1.2345E+12  1.0688E+12  3.4039E+11
  2.7282E+11  2.2606E+11  1.6120E+11  1.6390E+11  1.6726E+11  1.7586E+11
  1.7897E+11  1.9216E+11  2.2431E+11  2.2850E+11  2.3388E+11  2.3922E+11
  2.4395E+11  5.0510E+11  4.4213E+11  3.8630E+11  3.5192E+11  3.3989E+11
  3.3731E+11  3.3388E+11  3.2998E+11  3.2974E+11  3.4085E+11  3.5248E+11
  3.6581E+11  3.7875E+11  3.8855E+11  3.9201E+11  3.9939E+11  4.0367E+11
  4.1386E+11  4.1928E+11  4.1926E+11  4.1923E+11  4.2314E+11  4.3293E+11
  4.3498E+11  4.5123E+11  4.5972E+11  4.6334E+11  4.6767E+11  5.2141E+11
  5.8137E+11  6.1877E+11  6.6394E+11  7.0224E+11  7.3403E+11  7.7759E+11
  8.2174E+11  8.7975E+11  9.4851E+11  9.9644E+11  1.0090E+12  1.0150E+12
  1.0313E+12  1.0534E+12  1.0646E+12  1.0764E+12  1.1142E+12  1.1522E+12
  1.1395E+12  1.1198E+12  1.1207E+12  1.1446E+12  1.2000E+12  1.2241E+12
  1.2792E+12  1.2444E+12  1.2938E+12  1.3493E+12  1.3630E+12  1.3318E+12
  1.1794E+12  9.9625E+11  1.2564E+12  1.3817E+12  1.3607E+12  1.3820E+12
  1.3572E+12  1.3528E+12  1.3181E+12  1.3021E+12  1.2893E+12  1.2711E+12
  1.2508E+12  1.2271E+12  1.2191E+12  1.1799E+12  1.1799E+12  1.1525E+12
  1.1253E+12  1.0915E+12  1.0843E+12  1.0530E+12  1.0197E+12  9.8669E+11
  9.5383E+11  9.2434E+11  8.9986E+11  9.0953E+11  9.0406E+11  8.4983E+11
  8.6091E+11  8.2809E+11  7.9570E+11  7.5022E+11  8.0904E+11  8.0917E+11
  7.7671E+11  7.6771E+11  7.2869E+11  6.9383E+11  6.9384E+11  6.8014E+11
  6.6977E+11  6.6977E+11  6.1977E+11  6.4836E+11  6.1794E+11  6.1794E+11
  6.4315E+11  6.1778E+11  5.7877E+11  5.7877E+11  5.7877E+11  5.6067E+11
  5.4987E+11  5.6243E+11  5.6245E+11  5.4935E+11  5.1619E+11  5.1619E+11
  5.0477E+11  4.9613E+11  4.9613E+11  4.9613E+11  4.9184E+11  4.8401E+11
  4.4401E+11  4.4401E+11  4.3481E+11  4.2820E+11  4.1856E+11  5.0800E+11
  4.7451E+11  4.5632E+11  4.3005E+11  4.2998E+11  4.2280E+11  4.0458E+11
  4.0458E+11  4.0458E+11  4.0458E+11  4.0458E+11  3.9372E+11  3.9186E+11
  3.9185E+11  3.9186E+11  3.9186E+11  3.7612E+11  3.5493E+11  3.5395E+11
  3.5112E+11  3.5112E+11  3.5112E+11  3.6536E+11  3.6541E+11  3.6541E+11
  3.6540E+11  3.6541E+11  3.5131E+11  3.4060E+11  3.4060E+11  3.4060E+11
  3.4060E+11  3.3974E+11  3.3443E+11  3.3443E+11  3.3443E+11  3.3443E+11
  3.3443E+11  3.2916E+11  3.2702E+11  3.2702E+11  3.3005E+11  3.3370E+11
  3.3000E+11  3.2056E+11  3.1941E+11  3.1017E+11  3.1017E+11  2.7480E+11
  2.6933E+11  3.1479E+11  3.2868E+11  2.7826E+11  2.4417E+11  2.7933E+11
  3.2689E+11  3.2689E+11  3.2689E+11  3.2689E+11  3.2689E+11  3.0557E+11
  3.0548E+11  3.0548E+11  3.0548E+11  3.0549E+11  2.9908E+11  2.9419E+11
  2.9420E+11  2.9420E+11  2.9420E+11  2.9329E+11  2.8764E+11  2.8764E+11
  2.8764E+11  2.8764E+11  2.8764E+11  2.7707E+11  2.7276E+11  2.7276E+11
  2.7276E+11  2.7276E+11  2.6987E+11  2.6249E+11  2.6249E+11  2.6249E+11
  2.6249E+11  2.6249E+11  2.5639E+11  2.5534E+11  2.5534E+11  2.5534E+11
  2.5534E+11  2.5181E+11  2.4701E+11  2.4701E+11  2.4701E+11  2.4701E+11
  2.4701E+11  2.4795E+11  2.4796E+11  2.4796E+11  2.4796E+11  2.4796E+11
  2.4614E+11  2.4474E+11  2.4473E+11  2.4474E+11  2.4474E+11  2.4353E+11
  2.3602E+11  2.3602E+11  2.3602E+11  2.3602E+11  2.3602E+11  2.3801E+11
  2.3882E+11  2.3882E+11  2.3882E+11  2.3882E+11  2.3788E+11  2.3548E+11
  2.3548E+11  2.3548E+11  2.3548E+11  2.3548E+11  2.3403E+11  2.3378E+11
  2.3378E+11  2.3378E+11  2.3378E+11  2.3264E+11  2.3109E+11  2.3109E+11
  2.3109E+11  2.3109E+11  2.3109E+11  2.2300E+11  2.2295E+11  2.2295E+11
  2.2295E+11  2.2295E+11  2.2169E+11  2.2072E+11  2.2072E+11  2.2072E+11
  2.2072E+11  2.1987E+11  2.1454E+11  2.1454E+11  2.1454E+11  2.1454E+11
  2.1454E+11  2.1133E+11  2.1002E+11  2.1001E+11  2.1001E+11  2.1001E+11
  2.0898E+11  2.0633E+11  2.0633E+11  2.0633E+11  2.0633E+11  2.0633E+11
  2.0244E+11  2.0177E+11  2.0177E+11  2.0177E+11  2.0177E+11  2.0068E+11
  1.9921E+11  1.9921E+11  1.9921E+11  1.9921E+11  1.9921E+11  1.9357E+11
  1.9354E+11  1.9354E+11  1.9354E+11  1.9354E+11  1.9056E+11  1.8827E+11
  1.8827E+11  1.8827E+11  1.8827E+11  1.8741E+11  1.8199E+11  1.8199E+11
  1.8199E+11  1.8199E+11  1.8199E+11  1.7770E+11  1.7592E+11  1.7592E+11
  1.7592E+11  1.7592E+11  1.7469E+11  1.7152E+11  1.7152E+11  1.7152E+11
  1.7152E+11  1.7152E+11  1.6699E+11  1.6620E+11  1.6620E+11  1.6620E+11
  1.6619E+11  1.6423E+11  1.6153E+11  1.6153E+11  1.6153E+11  1.6153E+11
  1.6153E+11  1.5561E+11  1.5557E+11  1.5558E+11  1.5557E+11  1.5557E+11
  1.5237E+11  1.4989E+11  1.4989E+11  1.4989E+11  1.4989E+11  1.4902E+11
  1.4349E+11  1.4349E+11  1.4349E+11  1.4349E+11  1.4349E+11  1.3937E+11
  1.3767E+11  1.3767E+11  1.3767E+11  1.3767E+11  1.3579E+11  1.3092E+11
  1.3092E+11  1.3092E+11  1.3092E+11  1.3092E+11  1.1834E+11  1.1611E+11
  1.1611E+11  1.1611E+11  1.1611E+11  1.1611E+11  1.1611E+11  1.1611E+11
  1.1611E+11  1.1611E+11  1.1611E+11  1.1611E+11  1.1611E+11  1.1611E+11
  1.1611E+11  1.1611E+11  1.1611E+11  1.1611E+11  1.1611E+11  1.1611E+11
  1.1611E+11  1.1611E+11  1.1611E+11  1.1611E+11  1.1611E+11  1.1611E+11
  1.1611E+11  1.1611E+11  1.1611E+11  1.1611E+11  1.1611E+11  3.1205E+10
  3.1205E+10  3.1205E+10  3.1205E+10  3.1205E+10  3.1205E+10  3.1205E+10
  3.1205E+10  3.1205E+10  3.1205E+10  3.1205E+10  3.1205E+10  3.1205E+10
  3.1205E+10  3.1205E+10  3.1205E+10  3.1205E+10  3.1205E+10  3.1205E+10
  3.1205E+10  3.1205E+10  3.1205E+10  3.1205E+10  3.1205E+10  3.1205E+10
  3.1205E+10  3.1205E+10  3.1205E+10  3.1205E+10  3.1205E+10  3.1205E+10
  3.1205E+10  3.1205E+10  3.1205E+10  3.1205E+10  3.1205E+10  3.1205E+10
  3.1205E+10  3.1205E+10  3.1205E+10  3.1205E+10  3.1205E+10  3.1205E+10
  3.1205E+10  3.1205E+10  3.1205E+10  3.1204E+10  3.1205E+10  3.1205E+10
  3.1205E+10  3.1205E+10  3.1205E+10  3.1205E+10  3.1205E+10  3.1205E+10
  3.1205E+10  3.1205E+10  3.1205E+10  3.1205E+10  3.1205E+10  3.1205E+10
  3.1205E+10  3.1205E+10  3.1205E+10  3.1205E+10  3.1205E+10  3.1205E+10
  3.1205E+10  3.1205E+10  3.1205E+10  3.1205E+10  3.1205E+10  3.1205E+10
  3.1205E+10  3.1205E+10  3.1205E+10  3.1205E+10  3.1205E+10  3.1205E+10
  3.1205E+10  3.1205E+10  3.1205E+10  3.1205E+10  3.1205E+10  3.1205E+10
  3.1205E+10  3.1205E+10  3.1205E+10  3.1205E+10  3.1205E+10  3.1205E+10
  3.1205E+10  3.1205E+10  3.1205E+10  3.1205E+10  3.1205E+10  3.1205E+10
  3.1205E+10  3.1205E+10  3.1205E+10  3.2185E+04  0.0000E+00  0.0000E+00
  0.0000E+00  0.0000E+00  0.0000E+00  0.0000E+00  0.0000E+00  0.0000E+00
  0.0000E+00  0.0000E+00  0.0000E+00  0.0000E+00  0.0000E+00  0.0000E+00
  0.0000E+00  0.0000E+00  0.0000E+00  0.0000E+00  0.0000E+00  0.0000E+00
  0.0000E+00  0.0000E+00  0.0000E+00  0.0000E+00  0.0000E+00  0.0000E+00
  0.0000E+00  0.0000E+00  0.0000E+00  0.0000E+00  0.0000E+00  0.0000E+00
  0.0000E+00  0.0000E+00  0.0000E+00  0.0000E+00  0.0000E+00  0.0000E+00
  0.0000E+00  0.0000E+00  0.0000E+00  0.0000E+00  0.0000E+00  0.0000E+00
  0.0000E+00  0.0000E+00  0.0000E+00  0.0000E+00  0.0000E+00  0.0000E+00
  0.0000E+00  0.0000E+00  0.0000E+00  0.0000E+00  0.0000E+00  0.0000E+00
  0.0000E+00  0.0000E+00  0.0000E+00  0.0000E+00  0.0000E+00  0.0000E+00
  0.0000E+00  0.0000E+00  0.0000E+00  0.0000E+00  0.0000E+00  0.0000E+00
  0.0000E+00  0.0000E+00  0.0000E+00  0.0000E+00  0.0000E+00  0.0000E+00
  0.0000E+00  0.0000E+00  0.0000E+00  0.0000E+00  0.0000E+00  0.0000E+00
  0.0000E+00  0.0000E+00  0.0000E+00  0.0000E+00  0.0000E+00  0.0000E+00
  0.0000E+00  0.0000E+00  0.0000E+00  0.0000E+00  0.0000E+00  0.0000E+00
  0.0000E+00  0.0000E+00  0.0000E+00  0.0000E+00  0.0000E+00  0.0000E+00
  0.0000E+00
 1.000
ITER D-T 2.0986E+14                                                                                 
