  0.0000E+00  0.0000E+00  0.0000E+00  0.0000E+00  0.0000E+00  0.0000E+00
  0.0000E+00  0.0000E+00  0.0000E+00  0.0000E+00  0.0000E+00  0.0000E+00
  0.0000E+00  0.0000E+00  0.0000E+00  0.0000E+00  0.0000E+00  0.0000E+00
  0.0000E+00  0.0000E+00  0.0000E+00  0.0000E+00  0.0000E+00  0.0000E+00
  0.0000E+00  0.0000E+00  0.0000E+00  0.0000E+00  0.0000E+00  0.0000E+00
  0.0000E+00  0.0000E+00  0.0000E+00  0.0000E+00  0.0000E+00  0.0000E+00
  0.0000E+00  0.0000E+00  0.0000E+00  0.0000E+00  0.0000E+00  0.0000E+00
  0.0000E+00  0.0000E+00  0.0000E+00  0.0000E+00  0.0000E+00  0.0000E+00
  0.0000E+00  0.0000E+00  0.0000E+00  0.0000E+00  0.0000E+00  0.0000E+00
  0.0000E+00  0.0000E+00  0.0000E+00  0.0000E+00  0.0000E+00  0.0000E+00
  0.0000E+00  0.0000E+00  0.0000E+00  0.0000E+00  0.0000E+00  0.0000E+00
  0.0000E+00  0.0000E+00  0.0000E+00  0.0000E+00  0.0000E+00  0.0000E+00
  0.0000E+00  0.0000E+00  0.0000E+00  0.0000E+00  0.0000E+00  0.0000E+00
  0.0000E+00  0.0000E+00  0.0000E+00  0.0000E+00  0.0000E+00  0.0000E+00
  0.0000E+00  0.0000E+00  4.7510E+09  6.4122E+09  6.5031E+09  8.9634E+09
  1.8630E+10  1.8906E+10  1.9191E+10  1.9484E+10  2.4578E+10  4.4288E+10
  4.4997E+10  4.5729E+10  4.6484E+10  4.7266E+10  4.8074E+10  4.8910E+10
  4.9776E+10  5.0672E+10  5.1602E+10  5.2567E+10  5.3568E+10  5.4608E+10
  5.5690E+10  7.1157E+11  7.1157E+11  7.1157E+11  7.1157E+11  1.3226E+12
  1.6415E+12  1.6415E+12  1.6415E+12  1.6415E+12  2.8830E+12  4.5690E+12
  4.5691E+12  4.5690E+12  4.5691E+12  4.5691E+12  4.7457E+12  7.4161E+12
  7.4161E+12  9.6261E+12  1.0602E+13  1.0602E+13  1.0602E+13  1.0602E+13
  1.0602E+13  1.0602E+13  1.0602E+13  1.5056E+13  1.5805E+13  1.5805E+13
  1.5805E+13  1.9129E+13  1.9000E+13  1.7986E+13  1.7986E+13  1.7986E+13
  1.7986E+13  1.8353E+13  1.9010E+13  1.9011E+13  1.9011E+13  1.9011E+13
  1.9211E+13  1.9130E+13  1.9677E+13  1.7854E+13  1.8451E+13  1.7350E+13
  1.7283E+13  1.7075E+13  1.6729E+13  1.5473E+13  1.5806E+13  1.6527E+13
  1.6390E+13  1.7955E+13  1.8559E+13  1.9364E+13  1.9628E+13  1.8394E+13
  1.5933E+13  1.5933E+13  1.5884E+13  1.4788E+13  1.4786E+13  1.4787E+13
  1.3989E+13  1.2415E+13  1.1162E+13  1.0107E+13  1.1371E+13  1.2468E+13
  1.2467E+13  1.2468E+13  1.2468E+13  1.0770E+13  1.0634E+13  1.0634E+13
  1.0634E+13  9.9515E+12  9.4327E+12  9.4326E+12  9.4327E+12  9.4327E+12
  9.4327E+12  9.3704E+12  8.2237E+12  8.2238E+12  8.2237E+12  8.2237E+12
  8.2238E+12  8.2238E+12  9.3778E+12  9.6583E+12  9.6581E+12  8.9574E+12
  7.9543E+12  7.9542E+12  7.9544E+12  7.9542E+12  7.9543E+12  4.4380E+12
  4.4380E+12  4.4380E+12  4.9860E+12  7.6481E+12  8.5645E+12  8.6393E+12
  7.2940E+12  7.2940E+12  7.2940E+12  7.2940E+12  6.1064E+12  5.9853E+12
  5.9854E+12  5.5219E+12  5.7930E+12  5.8140E+12  5.1752E+12  4.8470E+12
  4.8470E+12  4.8470E+12  4.8470E+12  4.8470E+12  4.8470E+12  4.8470E+12
  4.8470E+12  6.6701E+12  6.9767E+12  6.9767E+12  6.9767E+12  5.4437E+12
  5.2677E+12  5.2677E+12  5.2677E+12  5.2677E+12  5.2677E+12  5.2677E+12
  5.2677E+12  5.2985E+12  5.3266E+12  5.3266E+12  5.3266E+12  5.3266E+12
  5.3265E+12  5.0946E+12  4.9938E+12  4.9937E+12  4.9938E+12  4.9937E+12
  4.9938E+12  4.9938E+12  4.8764E+12  4.8613E+12  4.8613E+12  4.8589E+12
  4.8511E+12  4.8511E+12  4.8511E+12  4.8511E+12  4.8511E+12  4.8511E+12
  4.8509E+12  4.8508E+12  4.8508E+12  4.8508E+12  4.8508E+12  4.8508E+12
  4.8508E+12  4.8508E+12  4.8508E+12  4.9408E+12  5.0212E+12  5.0255E+12
  5.0255E+12  5.0254E+12  5.0255E+12  4.8235E+12  4.7895E+12  4.7895E+12
  4.7382E+12  4.7011E+12  4.7011E+12  5.2288E+12  4.8156E+12  4.8156E+12
  4.8155E+12  4.8156E+12  4.8380E+12  4.8450E+12  4.8450E+12  4.6754E+12
  4.7559E+12  4.8140E+12  4.8139E+12  4.8140E+12  4.8140E+12  4.8129E+12
  4.7864E+12  4.7863E+12  4.7864E+12  4.7864E+12  4.8958E+12  4.9099E+12
  4.9099E+12  4.9099E+12  4.9099E+12  4.9099E+12  4.9099E+12  4.8689E+12
  4.9280E+12  4.9280E+12  4.9280E+12  4.9284E+12  4.9481E+12  4.9481E+12
  4.9481E+12  4.9481E+12  4.9481E+12  4.9481E+12  4.9481E+12  4.9481E+12
  4.9481E+12  4.9481E+12  4.9481E+12  4.9481E+12  5.0435E+12  5.3920E+12
  5.0779E+12  4.9689E+12  4.9689E+12  4.9700E+12  5.0815E+12  5.0815E+12
  5.2944E+12  4.7101E+12  4.5417E+12  5.2782E+12  5.1882E+12  5.1883E+12
  5.1883E+12  5.1883E+12  5.1882E+12  5.1883E+12  5.1882E+12  5.1883E+12
  5.0995E+12  5.5708E+12  4.4952E+12  4.7006E+12  4.8014E+12  5.1186E+12
  5.1186E+12  5.1843E+12  5.2109E+12  5.2246E+12  4.4628E+12  4.8083E+12
  4.4712E+12  4.6374E+12  5.2594E+12  5.2903E+12  5.0889E+12  5.3202E+12
  4.9835E+12  4.5449E+12  4.9272E+12  5.2919E+12  4.7699E+12  5.0377E+12
  4.6971E+12  5.4488E+12  5.3867E+12  5.3162E+12  5.9068E+12  5.1776E+12
  4.6960E+12  5.0422E+12  5.0951E+12  5.1036E+12  5.1039E+12  5.2014E+12
  5.2126E+12  5.0916E+12  5.0849E+12  5.6064E+12  4.7417E+12  4.7695E+12
  5.1433E+12  5.0801E+12  4.8849E+12  4.3556E+12  4.4082E+12  5.1151E+12
  5.4729E+12  5.0154E+12  4.5843E+12  4.6778E+12  4.6599E+12  4.6598E+12
  4.6599E+12  4.6806E+12  4.6806E+12  5.0864E+12  5.1068E+12  5.0941E+12
  5.0767E+12  5.0767E+12  4.5343E+12  4.8099E+12  5.0700E+12  4.9015E+12
  4.9462E+12  4.9568E+12  5.0272E+12  5.0705E+12  5.0562E+12  4.9976E+12
  4.9862E+12  4.9862E+12  4.9931E+12  5.0532E+12  4.9454E+12  4.8535E+12
  4.7920E+12  4.7920E+12  5.2928E+12  5.6802E+12  5.2409E+12  5.4610E+12
  4.9080E+12  5.1651E+12  5.0396E+12  4.7308E+12  4.8397E+12  4.5441E+12
  4.5660E+12  5.1807E+12  5.1585E+12  5.1344E+12  5.0616E+12  5.2391E+12
  4.8676E+12  4.6653E+12  5.1245E+12  5.3736E+12  5.4585E+12  5.3445E+12
  5.7587E+12  5.8256E+12  5.4344E+12  5.3611E+12  5.9939E+12  5.4859E+12
  4.8795E+12  4.7956E+12  5.2428E+12  6.0074E+12  5.9430E+12  5.0219E+12
  5.6402E+12  5.6303E+12  5.7462E+12  5.7667E+12  5.7433E+12  5.7433E+12
  6.2739E+12  6.3027E+12  6.2404E+12  6.2084E+12  6.1861E+12  5.9922E+12
  5.7347E+12  5.6985E+12  5.9856E+12  6.0482E+12  6.0911E+12  6.6857E+12
  6.7857E+12  6.8631E+12  6.8658E+12  7.2432E+12  7.2866E+12  8.1000E+12
  8.6221E+12  8.6721E+12  9.5936E+12  9.5937E+12  1.0123E+13  1.3081E+13
  1.3081E+13  1.3081E+13  1.7123E+13  1.8106E+13  1.8105E+13  1.8106E+13
  2.6054E+13  2.7506E+13  2.7506E+13  2.7506E+13  2.7506E+13  3.5173E+13
  3.5173E+13  3.8184E+13  3.9401E+13  4.0256E+13  4.4936E+13  4.4936E+13
  4.5323E+13  4.6457E+13  4.6457E+13  4.6457E+13  4.8826E+13  4.9067E+13
  4.9067E+13  4.9067E+13  4.8566E+13  4.8538E+13  4.8539E+13  4.8538E+13
  4.7819E+13  4.1554E+13  4.1553E+13  4.1554E+13  4.1554E+13  4.1554E+13
  4.1554E+13  3.6057E+13  3.5133E+13  3.5133E+13  3.2607E+13  1.8943E+13
  1.8943E+13  1.8943E+13  1.8943E+13  1.8943E+13  1.8943E+13  1.8943E+13
  1.8943E+13  1.8943E+13  1.8943E+13  1.8943E+13  1.8943E+13  1.8943E+13
  1.8943E+13  1.8944E+13  1.8943E+13  1.8943E+13  1.8944E+13  1.8943E+13
  1.8943E+13  6.9751E+12  6.9751E+12  6.9751E+12  6.9751E+12  6.9751E+12
  6.9751E+12  4.7768E+12  4.0560E+12  4.0560E+12  4.0560E+12  4.0560E+12
  4.0560E+12  4.0560E+12  4.0560E+12  4.0560E+12  2.1683E+12  2.0659E+12
  2.0659E+12  2.0658E+12  2.0033E+12  1.4581E+12  1.4581E+12  1.4581E+12
  1.4581E+12  1.4581E+12  1.4581E+12  1.0662E+12  1.0004E+12  1.0004E+12
  1.0004E+12  6.1595E+11  5.7182E+11  5.7182E+11  5.7182E+11  5.5735E+11
  2.9098E+11  2.9098E+11  2.9098E+11  2.9098E+11  2.9098E+11  2.9098E+11
  2.5872E+11  2.5089E+11  2.5088E+11  2.5089E+11  2.5089E+11  1.5709E+11
  1.5309E+11  1.5309E+11  1.5309E+11  1.1811E+11  1.1811E+11  1.1811E+11
  1.1811E+11  1.1811E+11  1.1811E+11  5.7475E+10  3.7592E+10  3.7592E+10
  3.7592E+10  3.7592E+10  3.7592E+10  3.7592E+10  3.7592E+10  3.7592E+10
  7.6282E+09  6.0013E+09  6.0013E+09  6.0012E+09  6.0013E+09  6.0013E+09
  6.0012E+09  6.0013E+09  6.0013E+09  6.0012E+09  6.0013E+09  6.0013E+09
  6.0013E+09  6.0013E+09  6.0013E+09  6.0012E+09  6.0012E+09  6.0013E+09
  6.0013E+09  6.0013E+09  6.0012E+09  6.0013E+09  6.0013E+09  6.0013E+09
  6.0013E+09  6.0013E+09  6.0012E+09  6.0013E+09  6.0012E+09  6.0013E+09
  6.0013E+09  6.0012E+09  6.0013E+09  6.0012E+09  6.0013E+09  0.0000E+00
  0.0000E+00  0.0000E+00  0.0000E+00  0.0000E+00  0.0000E+00  0.0000E+00
  0.0000E+00  0.0000E+00  0.0000E+00  0.0000E+00  0.0000E+00  0.0000E+00
  0.0000E+00  0.0000E+00  0.0000E+00  0.0000E+00  0.0000E+00  0.0000E+00
  0.0000E+00  0.0000E+00  0.0000E+00  0.0000E+00  0.0000E+00  0.0000E+00
  0.0000E+00  0.0000E+00  0.0000E+00  0.0000E+00  0.0000E+00  0.0000E+00
  0.0000E+00  0.0000E+00  0.0000E+00  0.0000E+00  0.0000E+00  0.0000E+00
  0.0000E+00  0.0000E+00  0.0000E+00  0.0000E+00  0.0000E+00  0.0000E+00
  0.0000E+00  0.0000E+00  0.0000E+00  0.0000E+00  0.0000E+00  0.0000E+00
  0.0000E+00
 1.000
HFIR  htm tot=4.71496E+15                                                                           
